Log file open, 04/07/17 12:15:03
LogInit:Display: Running engine for game: ProjectRaptor
LogPlatformFile: Not using cached read wrapper
LogInit:Display: RandInit(-1277879886) SRandInit(-1277879886).
LogTaskGraph: Started task graph with 5 named threads and 8 total threads with 1 sets of task threads.
LogStats: Stats thread started at 0.082063
LogPluginManager: Loaded Plugin Paper2D, From D:/Software/Epic Games/4.14/Engine/Plugins/2D/Paper2D/Paper2D.uplugin
LogPluginManager: Loaded Plugin LightPropagationVolume, From D:/Software/Epic Games/4.14/Engine/Plugins/Blendables/LightPropagationVolume/LightPropagationVolume.uplugin
LogPluginManager: Loaded Plugin BlankPlugin, From D:/Software/Epic Games/4.14/Engine/Plugins/Developer/BlankPlugin/BlankPlugin.uplugin
LogPluginManager: Loaded Plugin CodeLiteSourceCodeAccess, From D:/Software/Epic Games/4.14/Engine/Plugins/Developer/CodeLiteSourceCodeAccess/CodeLiteSourceCodeAccess.uplugin
LogPluginManager: Loaded Plugin GitSourceControl, From D:/Software/Epic Games/4.14/Engine/Plugins/Developer/GitSourceControl/GitSourceControl.uplugin
LogPluginManager: Loaded Plugin KDevelopSourceCodeAccess, From D:/Software/Epic Games/4.14/Engine/Plugins/Developer/KDevelopSourceCodeAccess/KDevelopSourceCodeAccess.uplugin
LogPluginManager: Loaded Plugin NullSourceCodeAccess, From D:/Software/Epic Games/4.14/Engine/Plugins/Developer/NullSourceCodeAccess/NullSourceCodeAccess.uplugin
LogPluginManager: Loaded Plugin OneSkyLocalizationService, From D:/Software/Epic Games/4.14/Engine/Plugins/Developer/OneSkyLocalizationService/OneSkyLocalizationService.uplugin
LogPluginManager: Loaded Plugin PerforceSourceControl, From D:/Software/Epic Games/4.14/Engine/Plugins/Developer/PerforceSourceControl/PerforceSourceControl.uplugin
LogPluginManager: Loaded Plugin SubversionSourceControl, From D:/Software/Epic Games/4.14/Engine/Plugins/Developer/SubversionSourceControl/SubversionSourceControl.uplugin
LogPluginManager: Loaded Plugin UObjectPlugin, From D:/Software/Epic Games/4.14/Engine/Plugins/Developer/UObjectPlugin/UObjectPlugin.uplugin
LogPluginManager: Loaded Plugin VisualStudioSourceCodeAccess, From D:/Software/Epic Games/4.14/Engine/Plugins/Developer/VisualStudioSourceCodeAccess/VisualStudioSourceCodeAccess.uplugin
LogPluginManager: Loaded Plugin XCodeSourceCodeAccess, From D:/Software/Epic Games/4.14/Engine/Plugins/Developer/XCodeSourceCodeAccess/XCodeSourceCodeAccess.uplugin
LogPluginManager: Loaded Plugin AudioCapture, From D:/Software/Epic Games/4.14/Engine/Plugins/Editor/AudioCapture/AudioCapture.uplugin
LogPluginManager: Loaded Plugin EpicSurvey, From D:/Software/Epic Games/4.14/Engine/Plugins/Editor/EpicSurvey/EpicSurvey.uplugin
LogPluginManager: Loaded Plugin MacGraphicsSwitching, From D:/Software/Epic Games/4.14/Engine/Plugins/Editor/MacGraphicsSwitching/MacGraphicsSwitching.uplugin
LogPluginManager: Loaded Plugin MobileLauncherProfileWizard, From D:/Software/Epic Games/4.14/Engine/Plugins/Editor/MobileLauncherProfileWizard/MobileLauncherProfileWizard.uplugin
LogPluginManager: Loaded Plugin PluginBrowser, From D:/Software/Epic Games/4.14/Engine/Plugins/Editor/PluginBrowser/PluginBrowser.uplugin
LogPluginManager: Loaded Plugin SpeedTreeImporter, From D:/Software/Epic Games/4.14/Engine/Plugins/Editor/SpeedTreeImporter/SpeedTreeImporter.uplugin
LogPluginManager: Loaded Plugin SuperSearchEditor, From D:/Software/Epic Games/4.14/Engine/Plugins/Editor/SuperSearchEditor/SuperSearchEditor.uplugin
LogPluginManager: Loaded Plugin AlembicImporter, From D:/Software/Epic Games/4.14/Engine/Plugins/Experimental/AlembicImporter/AlembicImporter.uplugin
LogPluginManager: Loaded Plugin BlueprintStats, From D:/Software/Epic Games/4.14/Engine/Plugins/Experimental/BlueprintStats/BlueprintStats.uplugin
LogPluginManager: Loaded Plugin CharacterAI, From D:/Software/Epic Games/4.14/Engine/Plugins/Experimental/CharacterAI/CharacterAI.uplugin
LogPluginManager: Loaded Plugin CodeEditor, From D:/Software/Epic Games/4.14/Engine/Plugins/Experimental/CodeEditor/CodeEditor.uplugin
LogPluginManager: Loaded Plugin CodeView, From D:/Software/Epic Games/4.14/Engine/Plugins/Experimental/CodeView/CodeView.uplugin
LogPluginManager: Loaded Plugin HTML5Networking, From D:/Software/Epic Games/4.14/Engine/Plugins/Experimental/HTML5Networking/HTML5Networking.uplugin
LogPluginManager: Loaded Plugin OSVR, From D:/Software/Epic Games/4.14/Engine/Plugins/Experimental/OSVR/OSVR.uplugin
LogPluginManager: Loaded Plugin Phya, From D:/Software/Epic Games/4.14/Engine/Plugins/Experimental/Phya/Phya.uplugin
LogPluginManager: Loaded Plugin SignificanceManager, From D:/Software/Epic Games/4.14/Engine/Plugins/Experimental/SignificanceManager/SignificanceManager.uplugin
LogPluginManager: Loaded Plugin SimpleHMD, From D:/Software/Epic Games/4.14/Engine/Plugins/Experimental/SimpleHMD/SimpleHMD.uplugin
LogPluginManager: Loaded Plugin StereoPanorama, From D:/Software/Epic Games/4.14/Engine/Plugins/Experimental/StereoPanorama/StereoPanorama.uplugin
LogPluginManager: Loaded Plugin StructBox, From D:/Software/Epic Games/4.14/Engine/Plugins/Experimental/StructBox/StructBox.uplugin
LogPluginManager: Loaded Plugin Substance, From D:/Software/Epic Games/4.14/Engine/Plugins/Marketplace/Substance/Substance.uplugin
LogPluginManager: Loaded Plugin AndroidMedia, From D:/Software/Epic Games/4.14/Engine/Plugins/Media/AndroidMedia/AndroidMedia.uplugin
LogPluginManager: Loaded Plugin AvfMedia, From D:/Software/Epic Games/4.14/Engine/Plugins/Media/AvfMedia/AvfMedia.uplugin
LogPluginManager: Loaded Plugin MediaPlayerEditor, From D:/Software/Epic Games/4.14/Engine/Plugins/Media/MediaPlayerEditor/MediaPlayerEditor.uplugin
LogPluginManager: Loaded Plugin WmfMedia, From D:/Software/Epic Games/4.14/Engine/Plugins/Media/WmfMedia/WmfMedia.uplugin
LogPluginManager: Loaded Plugin MessagingDebugger, From D:/Software/Epic Games/4.14/Engine/Plugins/Messaging/MessagingDebugger/MessagingDebugger.uplugin
LogPluginManager: Loaded Plugin TcpMessaging, From D:/Software/Epic Games/4.14/Engine/Plugins/Messaging/TcpMessaging/TcpMessaging.uplugin
LogPluginManager: Loaded Plugin UdpMessaging, From D:/Software/Epic Games/4.14/Engine/Plugins/Messaging/UdpMessaging/UdpMessaging.uplugin
LogPluginManager: Loaded Plugin LevelSequenceEditor, From D:/Software/Epic Games/4.14/Engine/Plugins/MovieScene/LevelSequenceEditor/LevelSequenceEditor.uplugin
LogPluginManager: Loaded Plugin MatineeToLevelSequence, From D:/Software/Epic Games/4.14/Engine/Plugins/MovieScene/MatineeToLevelSequence/MatineeToLevelSequence.uplugin
LogPluginManager: Loaded Plugin NetcodeUnitTest, From D:/Software/Epic Games/4.14/Engine/Plugins/NetcodeUnitTest/NetcodeUnitTest/NetcodeUnitTest.uplugin
LogPluginManager: Loaded Plugin NUTUnrealEngine4, From D:/Software/Epic Games/4.14/Engine/Plugins/NetcodeUnitTest/NUTUnrealEngine4/NUTUnrealEngine4.uplugin
LogPluginManager: Loaded Plugin OnlineSubsystemGameCircle, From D:/Software/Epic Games/4.14/Engine/Plugins/Online/Android/OnlineSubsystemGameCircle/OnlineSubsystemGameCircle.uplugin
LogPluginManager: Loaded Plugin OnlineSubsystemGooglePlay, From D:/Software/Epic Games/4.14/Engine/Plugins/Online/Android/OnlineSubsystemGooglePlay/OnlineSubsystemGooglePlay.uplugin
LogPluginManager: Loaded Plugin OnlineSubsystemIOS, From D:/Software/Epic Games/4.14/Engine/Plugins/Online/IOS/OnlineSubsystemIOS/OnlineSubsystemIOS.uplugin
LogPluginManager: Loaded Plugin OnlineFramework, From D:/Software/Epic Games/4.14/Engine/Plugins/Online/OnlineFramework/OnlineFramework.uplugin
LogPluginManager: Loaded Plugin OnlineSubsystem, From D:/Software/Epic Games/4.14/Engine/Plugins/Online/OnlineSubsystem/OnlineSubsystem.uplugin
LogPluginManager: Loaded Plugin OnlineSubsystemAmazon, From D:/Software/Epic Games/4.14/Engine/Plugins/Online/OnlineSubsystemAmazon/OnlineSubsystemAmazon.uplugin
LogPluginManager: Loaded Plugin OnlineSubsystemFacebook, From D:/Software/Epic Games/4.14/Engine/Plugins/Online/OnlineSubsystemFacebook/OnlineSubsystemFacebook.uplugin
LogPluginManager: Loaded Plugin OnlineSubsystemNull, From D:/Software/Epic Games/4.14/Engine/Plugins/Online/OnlineSubsystemNull/OnlineSubsystemNull.uplugin
LogPluginManager: Loaded Plugin OnlineSubsystemOculus, From D:/Software/Epic Games/4.14/Engine/Plugins/Online/OnlineSubsystemOculus/OnlineSubsystemOculus.uplugin
LogPluginManager: Loaded Plugin OnlineSubsystemSteam, From D:/Software/Epic Games/4.14/Engine/Plugins/Online/OnlineSubsystemSteam/OnlineSubsystemSteam.uplugin
LogPluginManager: Loaded Plugin OnlineSubsystemUtils, From D:/Software/Epic Games/4.14/Engine/Plugins/Online/OnlineSubsystemUtils/OnlineSubsystemUtils.uplugin
LogPluginManager: Loaded Plugin IOSTapJoy, From D:/Software/Epic Games/4.14/Engine/Plugins/Runtime/Advertising/IOSTapJoy/IOSTapJoy.uplugin
LogPluginManager: Loaded Plugin AnalyticsBlueprintLibrary, From D:/Software/Epic Games/4.14/Engine/Plugins/Runtime/Analytics/AnalyticsBlueprintLibrary/AnalyticsBlueprintLibrary.uplugin
LogPluginManager: Loaded Plugin AnalyticsMulticast, From D:/Software/Epic Games/4.14/Engine/Plugins/Runtime/Analytics/AnalyticsMulticast/AnalyticsMulticast.uplugin
LogPluginManager: Loaded Plugin Apsalar, From D:/Software/Epic Games/4.14/Engine/Plugins/Runtime/Analytics/Apsalar/Apsalar.uplugin
LogPluginManager: Loaded Plugin FileLogging, From D:/Software/Epic Games/4.14/Engine/Plugins/Runtime/Analytics/FileLogging/FileLogging.uplugin
LogPluginManager: Loaded Plugin Flurry, From D:/Software/Epic Games/4.14/Engine/Plugins/Runtime/Analytics/Flurry/Flurry.uplugin
LogPluginManager: Loaded Plugin AndroidDeviceProfileSelector, From D:/Software/Epic Games/4.14/Engine/Plugins/Runtime/AndroidDeviceProfileSelector/AndroidDeviceProfileSelector.uplugin
LogPluginManager: Loaded Plugin AndroidMoviePlayer, From D:/Software/Epic Games/4.14/Engine/Plugins/Runtime/AndroidMoviePlayer/AndroidMoviePlayer.uplugin
LogPluginManager: Loaded Plugin AppleMoviePlayer, From D:/Software/Epic Games/4.14/Engine/Plugins/Runtime/AppleMoviePlayer/AppleMoviePlayer.uplugin
LogPluginManager: Loaded Plugin ArchVisCharacter, From D:/Software/Epic Games/4.14/Engine/Plugins/Runtime/ArchVisCharacter/ArchVisCharacter.uplugin
LogPluginManager: Loaded Plugin CableComponent, From D:/Software/Epic Games/4.14/Engine/Plugins/Runtime/CableComponent/CableComponent.uplugin
LogPluginManager: Loaded Plugin CustomMeshComponent, From D:/Software/Epic Games/4.14/Engine/Plugins/Runtime/CustomMeshComponent/CustomMeshComponent.uplugin
LogPluginManager: Loaded Plugin ExampleDeviceProfileSelector, From D:/Software/Epic Games/4.14/Engine/Plugins/Runtime/ExampleDeviceProfileSelector/ExampleDeviceProfileSelector.uplugin
LogPluginManager: Loaded Plugin GearVR, From D:/Software/Epic Games/4.14/Engine/Plugins/Runtime/GearVR/GearVR.uplugin
LogPluginManager: Loaded Plugin GoogleVRController, From D:/Software/Epic Games/4.14/Engine/Plugins/Runtime/GoogleVR/GoogleVRController/GoogleVRController.uplugin
LogPluginManager: Loaded Plugin GoogleVRHMD, From D:/Software/Epic Games/4.14/Engine/Plugins/Runtime/GoogleVR/GoogleVRHMD/GoogleVRHMD.uplugin
LogPluginManager: Loaded Plugin IOSDeviceProfileSelector, From D:/Software/Epic Games/4.14/Engine/Plugins/Runtime/IOSDeviceProfileSelector/IOSDeviceProfileSelector.uplugin
LogPluginManager: Loaded Plugin LeapMotion, From D:/Software/Epic Games/4.14/Engine/Plugins/Runtime/LeapMotion/LeapMotion.uplugin
LogPluginManager: Loaded Plugin LinuxDeviceProfileSelector, From D:/Software/Epic Games/4.14/Engine/Plugins/Runtime/LinuxDeviceProfileSelector/LinuxDeviceProfileSelector.uplugin
LogPluginManager: Loaded Plugin MIDIDevice, From D:/Software/Epic Games/4.14/Engine/Plugins/Runtime/MIDIDevice/MIDIDevice.uplugin
LogPluginManager: Loaded Plugin MobilePatchingUtils, From D:/Software/Epic Games/4.14/Engine/Plugins/Runtime/MobilePatchingUtils/MobilePatchingUtils.uplugin
LogPluginManager: Loaded Plugin Ansel, From D:/Software/Epic Games/4.14/Engine/Plugins/Runtime/Nvidia/Ansel/Ansel.uplugin
LogPluginManager: Loaded Plugin OculusAudio, From D:/Software/Epic Games/4.14/Engine/Plugins/Runtime/OculusAudio/OculusAudio.uplugin
LogPluginManager: Loaded Plugin OculusInput, From D:/Software/Epic Games/4.14/Engine/Plugins/Runtime/OculusInput/OculusInput.uplugin
LogPluginManager: Loaded Plugin OculusLibrary, From D:/Software/Epic Games/4.14/Engine/Plugins/Runtime/OculusLibrary/OculusLibrary.uplugin
LogPluginManager: Loaded Plugin OculusRift, From D:/Software/Epic Games/4.14/Engine/Plugins/Runtime/OculusRift/OculusRift.uplugin
LogPluginManager: Loaded Plugin Oodle, From D:/Software/Epic Games/4.14/Engine/Plugins/Runtime/PacketHandlers/CompressionComponents/Oodle/Oodle.uplugin
LogPluginManager: Loaded Plugin ProceduralMeshComponent, From D:/Software/Epic Games/4.14/Engine/Plugins/Runtime/ProceduralMeshComponent/ProceduralMeshComponent.uplugin
LogPluginManager: Loaded Plugin SoundMod, From D:/Software/Epic Games/4.14/Engine/Plugins/Runtime/SoundMod/SoundMod.uplugin
LogPluginManager: Loaded Plugin SoundVisualizations, From D:/Software/Epic Games/4.14/Engine/Plugins/Runtime/SoundVisualizations/SoundVisualizations.uplugin
LogPluginManager: Loaded Plugin SteamController, From D:/Software/Epic Games/4.14/Engine/Plugins/Runtime/Steam/SteamController/SteamController.uplugin
LogPluginManager: Loaded Plugin SteamVR, From D:/Software/Epic Games/4.14/Engine/Plugins/Runtime/Steam/SteamVR/SteamVR.uplugin
LogPluginManager: Loaded Plugin WebBrowserWidget, From D:/Software/Epic Games/4.14/Engine/Plugins/Runtime/WebBrowserWidget/WebBrowserWidget.uplugin
LogPluginManager: Loaded Plugin WindowsDeviceProfileSelector, From D:/Software/Epic Games/4.14/Engine/Plugins/Runtime/WindowsDeviceProfileSelector/WindowsDeviceProfileSelector.uplugin
LogPluginManager: Loaded Plugin WindowsMoviePlayer, From D:/Software/Epic Games/4.14/Engine/Plugins/Runtime/WindowsMoviePlayer/WindowsMoviePlayer.uplugin
LogPluginManager: Loaded Plugin ScriptPlugin, From D:/Software/Epic Games/4.14/Engine/Plugins/ScriptPlugin/ScriptPlugin.uplugin
LogPluginManager: Loaded Plugin SlateRemote, From D:/Software/Epic Games/4.14/Engine/Plugins/Slate/SlateRemote/SlateRemote.uplugin
LogPluginManager: Loaded Plugin EditorTests, From D:/Software/Epic Games/4.14/Engine/Plugins/Tests/EditorTests/EditorTests.uplugin
LogPluginManager: Loaded Plugin FbxAutomationTestBuilder, From D:/Software/Epic Games/4.14/Engine/Plugins/Tests/FbxAutomationTestBuilder/FbxAutomationTestBuilder.uplugin
LogPluginManager: Loaded Plugin FunctionalTestingEditor, From D:/Software/Epic Games/4.14/Engine/Plugins/Tests/FunctionalTestingEditor/FunctionalTestingEditor.uplugin
LogPluginManager: Loaded Plugin RuntimeTests, From D:/Software/Epic Games/4.14/Engine/Plugins/Tests/RuntimeTests/RuntimeTests.uplugin
LogPluginManager: Loaded Plugin ScreenshotTools, From D:/Software/Epic Games/4.14/Engine/Plugins/Tests/ScreenshotTools/ScreenshotTools.uplugin
LogInit: Using libcurl 7.47.1
LogInit:  - built for x86_64-pc-win32
LogInit:  - supports SSL with OpenSSL/1.0.2g
LogInit:  - supports HTTP deflate (compression) using libz 1.2.8
LogInit:  - other features:
LogInit:      CURL_VERSION_SSL
LogInit:      CURL_VERSION_LIBZ
LogInit:      CURL_VERSION_IPV6
LogInit:      CURL_VERSION_ASYNCHDNS
LogInit:      CURL_VERSION_LARGEFILE
LogInit:      CURL_VERSION_IDN
LogInit:  CurlRequestOptions (configurable via config and command line):
LogInit:  - bVerifyPeer = false  - Libcurl will NOT verify peer certificate
LogInit:  - bUseHttpProxy = false  - Libcurl will NOT use HTTP proxy
LogInit:  - bDontReuseConnections = false  - Libcurl will reuse connections
LogInit:  - CertBundlePath = nullptr  - Libcurl will use whatever was configured at build time.
OCULUS: Info: [CAPI] LibOVR module is located at C:\Program Files\Oculus\Support\oculus-runtime\LibOVRRT64_1.dll
OCULUS: Debug: Connected to the server running version (prod = 1).1.13.0(build = 361842) feature version = 0. Client runs version (prod = 1).1.13.0(build = 361842) feature version = 0
OCULUS: Debug: [HMDState] Using default profile default
OCULUS: Info: IAD changed to 59.0mm
OCULUS: Debug: Creating factory
LogInit: Build: ++UE4+Release-4.14-CL-3249277
LogInit: Engine Version: 4.14.3-3249277+++UE4+Release-4.14
LogInit: Compatible Engine Version: 4.14.0-3195953+++UE4+Release-4.14
LogInit: Net CL: 3195953
LogDevObjectVersion: Number of dev versions registered: 13
LogDevObjectVersion:   Dev-Blueprints (B0D832E4-1F89-4F0D-ACCF-7EB736FD4AA2): 7
LogDevObjectVersion:   Dev-Build (E1C64328-A22C-4D53-A36C-8E866417BD8C): 0
LogDevObjectVersion:   Dev-Core (375EC13C-06E4-48FB-B500-84F0262A717E): 1
LogDevObjectVersion:   Dev-Editor (E4B068ED-F494-42E9-A231-DA0B2E46BB41): 8
LogDevObjectVersion:   Dev-Framework (CFFC743F-43B0-4480-9391-14DF171D2073): 17
LogDevObjectVersion:   Dev-Mobile (B02B49B5-BB20-44E9-A304-32B752E40360): 0
LogDevObjectVersion:   Dev-Networking (A4E4105C-59A1-49B5-A7C5-40C4547EDFEE): 0
LogDevObjectVersion:   Dev-Online (39C831C9-5AE6-47DC-9A44-9C173E1C8E7C): 0
LogDevObjectVersion:   Dev-Physics (78F01B33-EBEA-4F98-B9B4-84EACCB95AA2): 0
LogDevObjectVersion:   Dev-Platform (6631380F-2D4D-43E0-8009-CF276956A95A): 0
LogDevObjectVersion:   Dev-Rendering (12F88B9F-8875-4AFC-A67C-D90C383ABD29): 12
LogDevObjectVersion:   Dev-Sequencer (7B5AE74C-D270-4C10-A958-57980B212A5A): 1
LogDevObjectVersion:   Dev-VR (D7296918-1DD6-4BDD-9DE2-64A83CC13884): 0
LogInit: Compiled (64-bit): Jan  6 2017 10:49:43
LogInit: Compiled with Visual C++: 19.00.23026.00
LogInit: Build Configuration: Development
LogInit: Branch Name: ++UE4+Release-4.14
LogInit: Command line: -EpicPortal 
LogInit: Base directory: D:/Software/Epic Games/4.14/Engine/Binaries/Win64/
LogInit: Installed Engine Build: 1
LogInit: Presizing for max 8388607 objects, including 0 objects not considered by GC, pre-allocating 0 bytes for permanent pool.
LogInit: Object subsystem initialized
[2017.04.07-16.15.03:926][  0]LogInit: Selected Device Profile: [Windows]
[2017.04.07-16.15.03:926][  0]LogInit: Applying CVar settings loaded from the selected device profile: [Windows]
[2017.04.07-16.15.03:939][  0]LogInit: Computer: MSI
[2017.04.07-16.15.03:939][  0]LogInit: User: maske
[2017.04.07-16.15.03:939][  0]LogInit: CPU Page size=65536, Cores=4
[2017.04.07-16.15.03:939][  0]LogInit: High frequency timer resolution =2.531249 MHz
[2017.04.07-16.15.03:939][  0]LogMemory: Memory total: Physical=15.9GB (16GB approx)
[2017.04.07-16.15.03:939][  0]LogMemory: Platform Memory Stats for Windows
[2017.04.07-16.15.03:939][  0]LogMemory: Process Physical Memory: 268.75 MB used, 268.75 MB peak
[2017.04.07-16.15.03:939][  0]LogMemory: Process Virtual Memory: 265.93 MB used, 265.93 MB peak
[2017.04.07-16.15.03:939][  0]LogMemory: Physical Memory: 6047.43 MB used,  10212.45 MB free, 16259.88 MB total
[2017.04.07-16.15.03:939][  0]LogMemory: Virtual Memory: 717.82 MB used,  10212.45 MB free, 134217728.00 MB total
[2017.04.07-16.15.04:129][  0]LogTextLocalizationManager: No specific translations for ('en-CA') exist, so ('en') translations will be used.
[2017.04.07-16.15.04:815][  0]LogD3D11RHI: D3D11 adapters:
[2017.04.07-16.15.04:851][  0]LogD3D11RHI:    0. 'NVIDIA GeForce GTX 1060' (Feature Level 11_0)
[2017.04.07-16.15.04:851][  0]LogD3D11RHI:       6084/0/8129 MB DedicatedVideo/DedicatedSystem/SharedSystem, Outputs:1, VendorId:0x10de
[2017.04.07-16.15.04:857][  0]LogD3D11RHI:    1. 'Intel(R) HD Graphics 530' (Feature Level 11_0)
[2017.04.07-16.15.04:857][  0]LogD3D11RHI:       128/0/8129 MB DedicatedVideo/DedicatedSystem/SharedSystem, Outputs:0, VendorId:0x8086
[2017.04.07-16.15.04:859][  0]LogD3D11RHI:    2. 'Microsoft Basic Render Driver' (Feature Level 11_0)
[2017.04.07-16.15.04:859][  0]LogD3D11RHI:       0/0/8129 MB DedicatedVideo/DedicatedSystem/SharedSystem, Outputs:0, VendorId:0x1414
[2017.04.07-16.15.04:859][  0]LogD3D11RHI: Chosen D3D11 Adapter: 0
[2017.04.07-16.15.04:864][  0]LogD3D11RHI: Creating new Direct3DDevice
[2017.04.07-16.15.04:864][  0]LogD3D11RHI:     GPU DeviceId: 0x1c20 (for the marketing name, search the web for "GPU Device Id")
[2017.04.07-16.15.04:864][  0]LogWindows: EnumDisplayDevices:
[2017.04.07-16.15.04:864][  0]LogWindows:    0. 'Intel(R) HD Graphics 530' (P:1 D:1)
[2017.04.07-16.15.04:865][  0]LogWindows:    1. 'Intel(R) HD Graphics 530' (P:0 D:0)
[2017.04.07-16.15.04:865][  0]LogWindows:    2. 'Intel(R) HD Graphics 530' (P:0 D:0)
[2017.04.07-16.15.04:865][  0]LogWindows:    3. 'NVIDIA GeForce GTX 1060' (P:0 D:0)
[2017.04.07-16.15.04:866][  0]LogWindows:    4. 'NVIDIA GeForce GTX 1060' (P:0 D:0)
[2017.04.07-16.15.04:866][  0]LogWindows:    5. 'NVIDIA GeForce GTX 1060' (P:0 D:0)
[2017.04.07-16.15.04:866][  0]LogWindows:    6. 'NVIDIA GeForce GTX 1060' (P:0 D:0)
[2017.04.07-16.15.04:866][  0]LogWindows: DebugString: PrimaryIsNotTheChoosenAdapter PrimaryIsNotTheChoosenAdapter PrimaryIsNotTheChoosenAdapter FoundDriverCount:4 
[2017.04.07-16.15.04:866][  0]LogD3D11RHI:     Adapter Name: NVIDIA GeForce GTX 1060
[2017.04.07-16.15.04:866][  0]LogD3D11RHI:   Driver Version: 378.92 (internal:21.21.13.7892, unified:378.92)
[2017.04.07-16.15.04:866][  0]LogD3D11RHI:      Driver Date: 3-16-2017
[2017.04.07-16.15.04:866][  0]LogRHI: Texture pool is 1361 MB (70% of 1945 MB)
[2017.04.07-16.15.04:884][  0]LogD3D11RHI: Async texture creation enabled
[2017.04.07-16.15.04:896][  0]LogD3D11RHI: GPU Timing Frequency: 1000.000000 (Debug: 2 1)
[2017.04.07-16.15.04:897][  0]LogShaderCompilers: Guid format shader working directory is -53 characters bigger than the processId version (C:/Users/maske/OneDrive/Documents/Unreal Projects/OfficialProjectRaptor/ProjectRaptor/ProjectRaptor/Intermediate/Shaders/WorkingDirectory/3628/).
[2017.04.07-16.15.04:897][  0]LogShaderCompilers: Cleaned the shader compiler working directory 'C:/Users/maske/AppData/Local/Temp/UnrealShaderWorkingDir/9655570643293B9939D69B87896ED43C/'.
[2017.04.07-16.15.04:897][  0]LogShaderCompilers:Display: Using Local Shader Compiler.
[2017.04.07-16.15.06:089][  0]LogTemp:Display: Loaded TP AllDesktopTargetPlatform
[2017.04.07-16.15.06:141][  0]LogTemp:Display: Loaded TP MacClientTargetPlatform
[2017.04.07-16.15.06:192][  0]LogTemp:Display: Loaded TP MacNoEditorTargetPlatform
[2017.04.07-16.15.06:244][  0]LogTemp:Display: Loaded TP MacServerTargetPlatform
[2017.04.07-16.15.06:294][  0]LogTemp:Display: Loaded TP MacTargetPlatform
[2017.04.07-16.15.06:347][  0]LogTemp:Display: Loaded TP WindowsClientTargetPlatform
[2017.04.07-16.15.06:397][  0]LogTemp:Display: Loaded TP WindowsNoEditorTargetPlatform
[2017.04.07-16.15.06:448][  0]LogTemp:Display: Loaded TP WindowsServerTargetPlatform
[2017.04.07-16.15.06:484][  0]LogTemp:Display: Loaded TP WindowsTargetPlatform
[2017.04.07-16.15.06:534][  0]LogTemp:Display: Loaded TP AndroidTargetPlatform
[2017.04.07-16.15.06:583][  0]LogTemp:Display: Loaded TP Android_ASTCTargetPlatform
[2017.04.07-16.15.06:632][  0]LogTemp:Display: Loaded TP Android_ATCTargetPlatform
[2017.04.07-16.15.06:680][  0]LogTemp:Display: Loaded TP Android_DXTTargetPlatform
[2017.04.07-16.15.06:728][  0]LogTemp:Display: Loaded TP Android_ETC1TargetPlatform
[2017.04.07-16.15.06:778][  0]LogTemp:Display: Loaded TP Android_ETC2TargetPlatform
[2017.04.07-16.15.06:874][  0]LogTemp:Display: Loaded TP Android_MultiTargetPlatform
[2017.04.07-16.15.06:874][  0]LogTemp:Display: Loaded TP Android_PVRTCTargetPlatform
[2017.04.07-16.15.06:905][  0]LogTemp:Display: Loaded TP HTML5TargetPlatform
[2017.04.07-16.15.06:981][  0]LogTemp:Display: Loaded TP IOSTargetPlatform
[2017.04.07-16.15.07:017][  0]LogTemp:Display: Loaded TP TVOSTargetPlatform
[2017.04.07-16.15.07:066][  0]LogTemp:Display: Loaded TP LinuxClientTargetPlatform
[2017.04.07-16.15.07:115][  0]LogTemp:Display: Loaded TP LinuxNoEditorTargetPlatform
[2017.04.07-16.15.07:165][  0]LogTemp:Display: Loaded TP LinuxServerTargetPlatform
[2017.04.07-16.15.07:215][  0]LogTemp:Display: Loaded TP LinuxTargetPlatform
[2017.04.07-16.15.07:215][  0]LogTargetPlatformManager:Display: Building Assets For Windows
[2017.04.07-16.15.07:540][  0]LogDerivedDataCache:Display: Max Cache Size: 512 MB
[2017.04.07-16.15.07:602][  0]LogDerivedDataCache: Loaded boot cache 0.06s 50MB C:/Users/maske/AppData/Local/UnrealEngine/4.14/DerivedDataCache/Boot.ddc.
[2017.04.07-16.15.07:602][  0]LogDerivedDataCache:Display: Loaded Boot cache: C:/Users/maske/AppData/Local/UnrealEngine/4.14/DerivedDataCache/Boot.ddc
[2017.04.07-16.15.07:602][  0]LogDerivedDataCache: FDerivedDataBackendGraph:  Pak pak cache file C:/Users/maske/OneDrive/Documents/Unreal Projects/OfficialProjectRaptor/ProjectRaptor/ProjectRaptor/DerivedDataCache/DDC.ddp not found, will not use a pak cache.
[2017.04.07-16.15.07:602][  0]LogDerivedDataCache: Unable to find inner node Pak for hierarchical cache Hierarchy.
[2017.04.07-16.15.07:602][  0]LogDerivedDataCache: FDerivedDataBackendGraph:  CompressedPak pak cache file C:/Users/maske/OneDrive/Documents/Unreal Projects/OfficialProjectRaptor/ProjectRaptor/ProjectRaptor/DerivedDataCache/Compressed.ddp not found, will not use a pak cache.
[2017.04.07-16.15.07:602][  0]LogDerivedDataCache: Unable to find inner node CompressedPak for hierarchical cache Hierarchy.
[2017.04.07-16.15.07:621][  0]LogDerivedDataCache:Display: Pak cache opened for reading ../../../Engine/DerivedDataCache/Compressed.ddp.
[2017.04.07-16.15.07:633][  0]LogDerivedDataCache: Using Local data cache path C:/Users/maske/AppData/Local/UnrealEngine/Common/DerivedDataCache: Writable
[2017.04.07-16.15.07:846][  0]LogInit: Selected Device Profile: [Windows]
[2017.04.07-16.15.07:849][  0]LogContentStreaming: Texture pool size is 0.00 MB
[2017.04.07-16.15.08:050][  0]LogMeshUtilities: Using QuadricMeshReduction for automatic static mesh reduction
[2017.04.07-16.15.08:086][  0]LogSimplygon: Simplygon DLL not present - disabling.
[2017.04.07-16.15.08:124][  0]LogMeshUtilities: Using SimplygonSwarm for distributed automatic mesh merging
[2017.04.07-16.15.08:124][  0]LogMeshUtilities: No automatic skeletal mesh reduction module available
[2017.04.07-16.15.08:124][  0]LogMeshUtilities: No automatic mesh merging module available
[2017.04.07-16.15.08:674][  0]LogNetVersion: GetLocalNetworkVersion: CL: 3195953, ProjectName: projectraptor, ProjectVersion: , EngineNetworkVersion: 2, GameNetworkVersion: 0, NetworkChecksum: 3772060721
[2017.04.07-16.15.08:728][  0]LogAssetRegistry: FAssetRegistry took 0.0216 seconds to start up
[2017.04.07-16.15.08:784][  0]LogPackageLocalizationCache: Processed 3 localized package path(s) for 2 prioritized culture(s) in 0.036289 seconds
[2017.04.07-16.15.08:791][  0]LogUObjectArray: 31946 objects as part of root set at end of initial load.
[2017.04.07-16.15.08:791][  0]LogUObjectAllocator: 6935848 out of 0 bytes used by permanent object pool.
[2017.04.07-16.15.08:791][  0]LogUObjectArray: CloseDisregardForGC: 0/0 objects in disregard for GC pool
[2017.04.07-16.15.08:840][  0]LogInit: WinSock: version 1.1 (2.2), MaxSocks=32767, MaxUdp=65467
[2017.04.07-16.15.09:445][  0]LogSlate: Using Freetype 2.6.0
[2017.04.07-16.15.09:446][  0]LogSlate: SlateFontCache - WITH_FREETYPE: 1, WITH_HARFBUZZ: 1
[2017.04.07-16.15.09:446][  0]LogSlate: SlateFontCache - WITH_FREETYPE: 1, WITH_HARFBUZZ: 1
[2017.04.07-16.15.10:256][  0]LogSubstanceCoreModule: Substance [CPU] Engine Loaded, Max Texture Size = 2048
[2017.04.07-16.15.10:279][  0]LogTcpMessaging: Initializing TcpMessaging bridge
[2017.04.07-16.15.10:313][  0]LogUdpMessaging: Initializing bridge on interface 0.0.0.0:0 to multicast group 230.0.0.1:6666.
[2017.04.07-16.15.10:592][  0]LogMaterial: Uniform references updated for custom material expression Custom.
[2017.04.07-16.15.10:936][  0]SourceControl: Info Source control is disabled
[2017.04.07-16.15.10:973][  0]SourceControl: Info Source control is disabled
[2017.04.07-16.15.11:022][  0]SourceControl: Info Source control is disabled
[2017.04.07-16.15.11:069][  0]SourceControl: Info Source control is disabled
[2017.04.07-16.15.12:198][  0]LogEngine: Initializing Engine...
[2017.04.07-16.15.12:198][  0]LogHMD: Oculus plugin initialized. Version: 4.14.3-3249277+++UE4+Release-4.14, LibOVR: 1.13.0, SDK: 1.8.0, built Jan  6 2017, 10:50:26
[2017.04.07-16.15.12:345][  0]OCULUS: Debug: [HMDState] Using default profile default
[2017.04.07-16.15.12:345][  0]OCULUS: Info: IAD changed to 59.0mm
[2017.04.07-16.15.12:445][  0]LogAIModule: Creating AISystem for world Untitled
[2017.04.07-16.15.12:476][  0]LogInit: XAudio2 using 'Speakers (Realtek High Definition Audio)' : 8 channels at 48 kHz using 32 bits per sample (channel mask 0x63f)
[2017.04.07-16.15.12:575][  0]LogInit: FAudioDevice initialized.
[2017.04.07-16.15.12:605][  0]LogDerivedDataCache: Saved boot cache 0.03s 50MB C:/Users/maske/AppData/Local/UnrealEngine/4.14/DerivedDataCache/Boot.ddc.
[2017.04.07-16.15.12:615][  0]LogInit: Texture streaming: Enabled
[2017.04.07-16.15.12:776][  0]LogInit: Transaction tracking system initialized
[2017.04.07-16.15.13:065][  0]BlueprintLog: New page: Editor Load
[2017.04.07-16.15.13:834][  0]LocalizationService: Info Localization service is disabled
[2017.04.07-16.15.14:382][  0]LogConsoleResponse:Display: 
[2017.04.07-16.15.14:537][  0]LogCook:Display: Max memory allowance for cook 16384mb min free memory 0mb
[2017.04.07-16.15.14:537][  0]LogCook:Display: Mobile HDR setting 1
[2017.04.07-16.15.14:950][  0]LogFileCache: Scanning file cache for directory 'C:/Users/maske/OneDrive/Documents/Unreal Projects/OfficialProjectRaptor/ProjectRaptor/ProjectRaptor/Content/' took 0.02s
[2017.04.07-16.15.15:329][  0]SourceControl: Info Source control is disabled
[2017.04.07-16.15.15:330][  0]LightingResults: New page: Lighting Build
[2017.04.07-16.15.15:363][  0]MapCheck: New page: Map Check
[2017.04.07-16.15.15:363][  0]LightingResults: New page: Lighting Build
[2017.04.07-16.15.15:946][  0]LogBlueprint:Warning: [Compiler MotionControllerPawn] Warning Get Input Axis references unknown Axis 'MotionControllerThumbRight_X' for  K2Node_GetInputAxisValue_95
[2017.04.07-16.15.15:946][  0]LogBlueprint:Warning: [Compiler MotionControllerPawn] Warning Get Input Axis references unknown Axis 'MotionControllerThumbRight_Y' for  K2Node_GetInputAxisValue_94
[2017.04.07-16.15.15:946][  0]LogBlueprint:Warning: [Compiler MotionControllerPawn] Warning Get Input Axis references unknown Axis 'MotionControllerThumbLeft_Y' for  K2Node_GetInputAxisValue_15
[2017.04.07-16.15.15:947][  0]LogBlueprint:Warning: [Compiler MotionControllerPawn] Warning Get Input Axis references unknown Axis 'MotionControllerThumbLeft_X' for  K2Node_GetInputAxisValue_14
[2017.04.07-16.15.15:955][  0]LogBlueprint:Warning: [Compiler MotionControllerPawn] Warning [0013.52] Compile of MotionControllerPawn successful, but with 4 Warning(s) [in 16 ms] (/Game/VirtualRealityBP/Blueprints/MotionControllerPawn.MotionControllerPawn)
[2017.04.07-16.15.15:955][  0]LogBlueprint:Warning: [Compiler MotionControllerPawn] Warning [0013.52] Compile of MotionControllerPawn successful, but with 5 Warning(s) [in 0 ms] (/Game/VirtualRealityBP/Blueprints/MotionControllerPawn.MotionControllerPawn)
[2017.04.07-16.15.15:955][  0]LogBlueprint:Warning: [Compiler MotionControllerPawn] Warning [0013.52] Compile of MotionControllerPawn successful, but with 6 Warning(s) [in 0 ms] (/Game/VirtualRealityBP/Blueprints/MotionControllerPawn.MotionControllerPawn)
[2017.04.07-16.15.15:967][  0]LogBlueprint:Warning: [Compiler MotionControllerPawn] Warning Get Input Axis references unknown Axis 'MotionControllerThumbRight_X' for  K2Node_GetInputAxisValue_95
[2017.04.07-16.15.15:967][  0]LogBlueprint:Warning: [Compiler MotionControllerPawn] Warning Get Input Axis references unknown Axis 'MotionControllerThumbRight_Y' for  K2Node_GetInputAxisValue_94
[2017.04.07-16.15.15:967][  0]LogBlueprint:Warning: [Compiler MotionControllerPawn] Warning Get Input Axis references unknown Axis 'MotionControllerThumbLeft_Y' for  K2Node_GetInputAxisValue_15
[2017.04.07-16.15.15:967][  0]LogBlueprint:Warning: [Compiler MotionControllerPawn] Warning Get Input Axis references unknown Axis 'MotionControllerThumbLeft_X' for  K2Node_GetInputAxisValue_14
[2017.04.07-16.15.15:976][  0]LogBlueprint:Warning: [Compiler MotionControllerPawn] Warning [0013.54] Compile of MotionControllerPawn successful, but with 4 Warning(s) [in 16 ms] (/Game/VirtualRealityBP/Blueprints/MotionControllerPawn.MotionControllerPawn)
[2017.04.07-16.15.15:976][  0]LogBlueprint:Warning: [Compiler MotionControllerPawn] Warning [0013.54] Compile of MotionControllerPawn successful, but with 5 Warning(s) [in 0 ms] (/Game/VirtualRealityBP/Blueprints/MotionControllerPawn.MotionControllerPawn)
[2017.04.07-16.15.15:976][  0]LogBlueprint:Warning: [Compiler MotionControllerPawn] Warning [0013.54] Compile of MotionControllerPawn successful, but with 6 Warning(s) [in 0 ms] (/Game/VirtualRealityBP/Blueprints/MotionControllerPawn.MotionControllerPawn)
[2017.04.07-16.15.16:612][  0]LogAIModule: Creating AISystem for world MotionControllerMap
[2017.04.07-16.15.16:630][  0]LogEditorServer: Finished looking for orphan Actors (0.000 secs)
[2017.04.07-16.15.16:631][  0]Cmd: MAP CHECKDEP NOCLEARLOG
[2017.04.07-16.15.16:672][  0]MapCheck: Info Map check complete: 0 Error(s), 0 Warning(s), took 40.546ms to complete.
[2017.04.07-16.15.16:672][  0]LogFileHelpers: Loading map 'MotionControllerMap' took 1.343
[2017.04.07-16.15.16:731][  0]LogWindowsTextInputMethodSystem:Display: IME system now deactivated.
[2017.04.07-16.15.16:813][  0]LogCollectionManager: Loaded 0 collections in 0.000773 seconds
[2017.04.07-16.15.16:888][  0]LogFileCache: Scanning file cache for directory 'C:/Users/maske/OneDrive/Documents/Unreal Projects/OfficialProjectRaptor/ProjectRaptor/ProjectRaptor/Saved/Collections/' took 0.01s
[2017.04.07-16.15.16:888][  0]LogFileCache: Scanning file cache for directory 'C:/Users/maske/OneDrive/Documents/Unreal Projects/OfficialProjectRaptor/ProjectRaptor/ProjectRaptor/Content/Developers/maske/Collections/' took 0.01s
[2017.04.07-16.15.16:888][  0]LogFileCache: Scanning file cache for directory 'C:/Users/maske/OneDrive/Documents/Unreal Projects/OfficialProjectRaptor/ProjectRaptor/ProjectRaptor/Content/Collections/' took 0.01s
[2017.04.07-16.15.16:888][  0]LogCollectionManager: Rebuilt the GUID cache for 0 collections in 0.000002 seconds
[2017.04.07-16.15.16:899][  0]LogContentBrowser: Native class hierarchy populated in 0.0111 seconds. Added 2204 classes and 434 folders.
[2017.04.07-16.15.16:938][  0]LogStats: UGameplayTagsManager::ConstructGameplayTagTree: Construct from data asset -  0.000 s
[2017.04.07-16.15.16:938][  0]LogStats: UGameplayTagsManager::ConstructGameplayTagTree: GameplayTagTreeChangedEvent.Broadcast -  0.000 s
[2017.04.07-16.15.16:939][  0]LogContentBrowser: Native class hierarchy updated for 'GameplayTags' in 0.0006 seconds. Added 13 classes and 0 folders.
[2017.04.07-16.15.16:990][  0]LogContentBrowser: Native class hierarchy updated for 'WidgetCarousel' in 0.0004 seconds. Added 0 classes and 0 folders.
[2017.04.07-16.15.17:031][  0]LogContentBrowser: Native class hierarchy updated for 'AddContentDialog' in 0.0007 seconds. Added 0 classes and 0 folders.
[2017.04.07-16.15.17:069][  0]LogContentBrowser: Native class hierarchy updated for 'SceneOutliner' in 0.0006 seconds. Added 1 classes and 2 folders.
[2017.04.07-16.15.17:158][  0]LogCrashTracker: Crashtracker disabled due to settings.
[2017.04.07-16.15.17:164][  0]LogUObjectGlobals:Warning: Failed to find object 'Class None.'
[2017.04.07-16.15.17:226][  0]LogContentBrowser: Native class hierarchy updated for 'HierarchicalLODOutliner' in 0.0005 seconds. Added 1 classes and 2 folders.
[2017.04.07-16.15.17:227][  0]LogLoad: (Engine Initialization) Total time: 14.79 seconds
[2017.04.07-16.15.17:227][  0]LogLoad: (Engine Initialization) Total Blueprint compile time: 0.34 seconds
[2017.04.07-16.15.17:227][  0]LogExternalProfiler: Found external profiler: VSPerf
[2017.04.07-16.15.17:227][  0]LogExternalProfiler: Using external profiler: VSPerf
[2017.04.07-16.15.17:244][  0]LogOcInput: OculusInput pre-init called
[2017.04.07-16.15.17:259][  0]LogOcInput: OculusInput is initialized. Init status 0. Runtime version: 1.13.0
[2017.04.07-16.15.17:280][  0]LogContentStreaming: Texture pool size now 1000 MB
[2017.04.07-16.15.17:445][  0]LogRenderer: Reallocating scene render targets to support 1020x448 NumSamples 1 (Frame:2).
[2017.04.07-16.15.17:547][  1]LogAssetRegistry: Asset discovery search completed in 8.8409 seconds
[2017.04.07-16.15.17:547][  1]LogCollectionManager: Rebuilt the object cache for 0 collections in 0.000000 seconds (found 0 objects)
[2017.04.07-16.15.17:547][  1]LogCollectionManager: Fixed up redirectors for 0 collections in 0.000015 seconds (updated 0 objects)
[2017.04.07-16.15.21:839][255]LogTemp: Repeting last play command: VR Preview
[2017.04.07-16.15.21:857][255]LogBlueprintUserMessages: Early PlayInEditor Detection: Level '/Game/VirtualRealityBP/Maps/MotionControllerMap.MotionControllerMap:PersistentLevel' has LevelScriptBlueprint '/Game/VirtualRealityBP/Maps/MotionControllerMap.MotionControllerMap:PersistentLevel.MotionControllerMap' with GeneratedClass '/Game/VirtualRealityBP/Maps/MotionControllerMap.MotionControllerMap_C' with ClassGeneratedBy '/Game/VirtualRealityBP/Maps/MotionControllerMap.MotionControllerMap:PersistentLevel.MotionControllerMap'
[2017.04.07-16.15.21:858][255]LogPlayLevel: PlayLevel: No blueprints needed recompiling
[2017.04.07-16.15.21:859][255]OCULUS: Debug: [HMDState] Using default profile default
[2017.04.07-16.15.21:859][255]OCULUS: Info: IAD changed to 59.0mm
[2017.04.07-16.15.21:859][255]LogHMD: New ovr session is created
[2017.04.07-16.15.21:859][255]LogHMD: HMD Oculus Rift CV1, res = 2160 x 1200
[2017.04.07-16.15.21:859][255]PIE: New page: PIE session: MotionControllerMap (Apr 7, 2017, 8:15:21 AM)
[2017.04.07-16.15.21:859][255]LogPlayLevel: Creating play world package: /Game/VirtualRealityBP/Maps/UEDPIE_0_MotionControllerMap
[2017.04.07-16.15.21:866][255]LogPlayLevel: PIE: StaticDuplicateObject took: (0.006771s)
[2017.04.07-16.15.21:867][255]LogAIModule: Creating AISystem for world MotionControllerMap
[2017.04.07-16.15.21:867][255]LogPlayLevel: PIE: World Init took: (0.000559s)
[2017.04.07-16.15.21:867][255]LogPlayLevel: PIE: Created PIE world by copying editor world from /Game/VirtualRealityBP/Maps/MotionControllerMap.MotionControllerMap to /Game/VirtualRealityBP/Maps/UEDPIE_0_MotionControllerMap.MotionControllerMap (0.007575s)
[2017.04.07-16.15.21:891][255]LogHMD: Vision Tracking Acquired
[2017.04.07-16.15.21:920][255]LogInit: XAudio2 using 'Headphones (Rift Audio)' : 2 channels at 48 kHz using 16 bits per sample (channel mask 0x3)
[2017.04.07-16.15.21:933][255]LogInit: FAudioDevice initialized.
[2017.04.07-16.15.22:058][255]LogLoad: Game class is 'VR_GameMode_BP_C'
[2017.04.07-16.15.22:062][255]LogWorld: Bringing World /Game/VirtualRealityBP/Maps/UEDPIE_0_MotionControllerMap.MotionControllerMap up for play (max tick rate 0) at 2017.04.07-12.15.22
[2017.04.07-16.15.22:063][255]LogWorld: Bringing up level for play took: 0.003548
[2017.04.07-16.15.22:101][255]LogContentBrowser: Native class hierarchy updated for 'MovieSceneCapture' in 0.0005 seconds. Added 11 classes and 0 folders.
[2017.04.07-16.15.22:112][255]PIE: Info Play in editor start time for /Game/VirtualRealityBP/Maps/UEDPIE_0_MotionControllerMap -0.312
[2017.04.07-16.15.22:113][255]LogBlueprintUserMessages: Late PlayInEditor Detection: Level '/Game/VirtualRealityBP/Maps/MotionControllerMap.MotionControllerMap:PersistentLevel' has LevelScriptBlueprint '/Game/VirtualRealityBP/Maps/MotionControllerMap.MotionControllerMap:PersistentLevel.MotionControllerMap' with GeneratedClass '/Game/VirtualRealityBP/Maps/MotionControllerMap.MotionControllerMap_C' with ClassGeneratedBy '/Game/VirtualRealityBP/Maps/MotionControllerMap.MotionControllerMap:PersistentLevel.MotionControllerMap'
[2017.04.07-16.15.22:129][255]LogHMD: Reallocation of eye buffer was requested
[2017.04.07-16.15.22:131][255]LogHMD: Allocated a new swap texture set (size 2720 x 1600, mipcount = 1), 0x000001BFAB40E060
[2017.04.07-16.15.22:161][255]LogHMD: Allocated a new mirror texture (size 1080 x 720)
[2017.04.07-16.15.22:161][255]LogRenderer: Reallocating scene render targets to support 2720x1600 NumSamples 1 (Frame:215).
[2017.04.07-16.15.24:233][365]OCULUS: Info: [HMDState] Requested to SetForegroundWindow(406c4ll)
[2017.04.07-16.15.34:433][813]OCULUS: Error: Prediction interval too high: 0.112890 s, clamping at 0.100000 s
[2017.04.07-16.15.41:828][128]OCULUS: Error: Prediction interval too high: 0.140462 s, clamping at 0.100000 s
[2017.04.07-16.15.50:990][535]LogBlueprintUserMessages: Early EndPlayMap Detection: Level '/Game/VirtualRealityBP/Maps/MotionControllerMap.MotionControllerMap:PersistentLevel' has LevelScriptBlueprint '/Game/VirtualRealityBP/Maps/MotionControllerMap.MotionControllerMap:PersistentLevel.MotionControllerMap' with GeneratedClass '/Game/VirtualRealityBP/Maps/MotionControllerMap.MotionControllerMap_C' with ClassGeneratedBy '/Game/VirtualRealityBP/Maps/MotionControllerMap.MotionControllerMap:PersistentLevel.MotionControllerMap'
[2017.04.07-16.15.51:017][535]LogHMD: Destroying ovr session
[2017.04.07-16.15.51:017][535]LogHMD: Freeing textureSet 0x000001BFAB40E060
[2017.04.07-16.15.51:022][535]OCULUS: Info: [HMDState] Requested to SetForegroundWindow(406c4ll)
[2017.04.07-16.15.51:132][535]LogBlueprintUserMessages: Late EndPlayMap Detection: Level '/Game/VirtualRealityBP/Maps/MotionControllerMap.MotionControllerMap:PersistentLevel' has LevelScriptBlueprint '/Game/VirtualRealityBP/Maps/MotionControllerMap.MotionControllerMap:PersistentLevel.MotionControllerMap' with GeneratedClass '/Game/VirtualRealityBP/Maps/MotionControllerMap.MotionControllerMap_C' with ClassGeneratedBy '/Game/VirtualRealityBP/Maps/MotionControllerMap.MotionControllerMap:PersistentLevel.MotionControllerMap'
[2017.04.07-16.15.52:897][640]LogEditorViewport: Clicking on Actor (LMB): MotionControllerPawn_C (VRPawn)
[2017.04.07-16.16.05:630][400]OCULUS: Info: [HMDState] Requested to SetForegroundWindow(706a0ll)
[2017.04.07-16.16.32:936][ 13]LogEditorViewport: Clicking on Actor (LMB): Conveyor_BP_C (Conveyor_BP2)
[2017.04.07-16.16.34:946][130]LogEditorViewport: Clicking on Actor (LMB): Conveyor_BP_C (Conveyor_BP)
[2017.04.07-16.17.16:889][770]LogEditorViewport: Clicking on Actor (LMB): StorageBox_BP_C (StorageBox_BP)
[2017.04.07-16.17.19:900][946]LogEditorViewport: Clicking on Actor (LMB): BP_Sky_Sphere_C (SkySphereBlueprint)
[2017.04.07-16.20.00:701][448]LogSavePackage: Save=85.67ms
[2017.04.07-16.20.00:701][448]LogSavePackage: Moving 'C:/Users/maske/OneDrive/Documents/Unreal Projects/OfficialProjectRaptor/ProjectRaptor/ProjectRaptor/Saved/MotionControllerMap8E99090D4AFEAE938692C1AAF6F98246.tmp' to 'C:/Users/maske/OneDrive/Documents/Unreal Projects/OfficialProjectRaptor/ProjectRaptor/ProjectRaptor/Content/VirtualRealityBP/Maps/MotionControllerMap.umap'
[2017.04.07-16.20.00:705][448]LogSavePackage:Display: Finished SavePackage C:/Users/maske/OneDrive/Documents/Unreal Projects/OfficialProjectRaptor/ProjectRaptor/ProjectRaptor/Content/VirtualRealityBP/Maps/MotionControllerMap.umap
[2017.04.07-16.20.01:021][448]LogSavePackage: Save=245.27ms
[2017.04.07-16.20.01:021][448]LogSavePackage: Moving 'C:/Users/maske/OneDrive/Documents/Unreal Projects/OfficialProjectRaptor/ProjectRaptor/ProjectRaptor/Saved/MotionControllerMap_BuiltDataAE74D4134726B873CF4727AF09DDD529.tmp' to 'C:/Users/maske/OneDrive/Documents/Unreal Projects/OfficialProjectRaptor/ProjectRaptor/ProjectRaptor/Content/VirtualRealityBP/Maps/MotionControllerMap_BuiltData.uasset'
[2017.04.07-16.20.01:024][448]LogSavePackage:Display: Finished SavePackage C:/Users/maske/OneDrive/Documents/Unreal Projects/OfficialProjectRaptor/ProjectRaptor/ProjectRaptor/Content/VirtualRealityBP/Maps/MotionControllerMap_BuiltData.uasset
[2017.04.07-17.14.40:159][384]OCULUS: Info: [HMDState] Requested to SetForegroundWindow(230716ll)
[2017.04.07-17.16.20:829][686]OCULUS: Info: [HMDState] Requested to SetForegroundWindow(230716ll)
[2017.04.07-17.16.24:161][696]OCULUS: Info: [HMDState] Requested to SetForegroundWindow(1d05fcll)
[2017.04.07-17.16.24:161][696]OCULUS: Info: [HMDState] Requested to SetForegroundWindow(1d05fcll)
[2017.04.07-17.16.45:494][760]OCULUS: Info: [HMDState] Requested to SetForegroundWindow(1d05fcll)
