Log file open, 04/07/17 15:13:45
LogInit:Display: Running engine for game: ProjectRaptor
LogPlatformFile: Not using cached read wrapper
LogInit:Display: RandInit(92808542) SRandInit(92808542).
LogTaskGraph: Started task graph with 5 named threads and 8 total threads with 1 sets of task threads.
LogStats: Stats thread started at 0.078735
LogPluginManager: Loaded Plugin Paper2D, From D:/Software/Epic Games/4.14/Engine/Plugins/2D/Paper2D/Paper2D.uplugin
LogPluginManager: Loaded Plugin LightPropagationVolume, From D:/Software/Epic Games/4.14/Engine/Plugins/Blendables/LightPropagationVolume/LightPropagationVolume.uplugin
LogPluginManager: Loaded Plugin BlankPlugin, From D:/Software/Epic Games/4.14/Engine/Plugins/Developer/BlankPlugin/BlankPlugin.uplugin
LogPluginManager: Loaded Plugin CodeLiteSourceCodeAccess, From D:/Software/Epic Games/4.14/Engine/Plugins/Developer/CodeLiteSourceCodeAccess/CodeLiteSourceCodeAccess.uplugin
LogPluginManager: Loaded Plugin GitSourceControl, From D:/Software/Epic Games/4.14/Engine/Plugins/Developer/GitSourceControl/GitSourceControl.uplugin
LogPluginManager: Loaded Plugin KDevelopSourceCodeAccess, From D:/Software/Epic Games/4.14/Engine/Plugins/Developer/KDevelopSourceCodeAccess/KDevelopSourceCodeAccess.uplugin
LogPluginManager: Loaded Plugin NullSourceCodeAccess, From D:/Software/Epic Games/4.14/Engine/Plugins/Developer/NullSourceCodeAccess/NullSourceCodeAccess.uplugin
LogPluginManager: Loaded Plugin OneSkyLocalizationService, From D:/Software/Epic Games/4.14/Engine/Plugins/Developer/OneSkyLocalizationService/OneSkyLocalizationService.uplugin
LogPluginManager: Loaded Plugin PerforceSourceControl, From D:/Software/Epic Games/4.14/Engine/Plugins/Developer/PerforceSourceControl/PerforceSourceControl.uplugin
LogPluginManager: Loaded Plugin SubversionSourceControl, From D:/Software/Epic Games/4.14/Engine/Plugins/Developer/SubversionSourceControl/SubversionSourceControl.uplugin
LogPluginManager: Loaded Plugin UObjectPlugin, From D:/Software/Epic Games/4.14/Engine/Plugins/Developer/UObjectPlugin/UObjectPlugin.uplugin
LogPluginManager: Loaded Plugin VisualStudioSourceCodeAccess, From D:/Software/Epic Games/4.14/Engine/Plugins/Developer/VisualStudioSourceCodeAccess/VisualStudioSourceCodeAccess.uplugin
LogPluginManager: Loaded Plugin XCodeSourceCodeAccess, From D:/Software/Epic Games/4.14/Engine/Plugins/Developer/XCodeSourceCodeAccess/XCodeSourceCodeAccess.uplugin
LogPluginManager: Loaded Plugin AudioCapture, From D:/Software/Epic Games/4.14/Engine/Plugins/Editor/AudioCapture/AudioCapture.uplugin
LogPluginManager: Loaded Plugin EpicSurvey, From D:/Software/Epic Games/4.14/Engine/Plugins/Editor/EpicSurvey/EpicSurvey.uplugin
LogPluginManager: Loaded Plugin MacGraphicsSwitching, From D:/Software/Epic Games/4.14/Engine/Plugins/Editor/MacGraphicsSwitching/MacGraphicsSwitching.uplugin
LogPluginManager: Loaded Plugin MobileLauncherProfileWizard, From D:/Software/Epic Games/4.14/Engine/Plugins/Editor/MobileLauncherProfileWizard/MobileLauncherProfileWizard.uplugin
LogPluginManager: Loaded Plugin PluginBrowser, From D:/Software/Epic Games/4.14/Engine/Plugins/Editor/PluginBrowser/PluginBrowser.uplugin
LogPluginManager: Loaded Plugin SpeedTreeImporter, From D:/Software/Epic Games/4.14/Engine/Plugins/Editor/SpeedTreeImporter/SpeedTreeImporter.uplugin
LogPluginManager: Loaded Plugin SuperSearchEditor, From D:/Software/Epic Games/4.14/Engine/Plugins/Editor/SuperSearchEditor/SuperSearchEditor.uplugin
LogPluginManager: Loaded Plugin AlembicImporter, From D:/Software/Epic Games/4.14/Engine/Plugins/Experimental/AlembicImporter/AlembicImporter.uplugin
LogPluginManager: Loaded Plugin BlueprintStats, From D:/Software/Epic Games/4.14/Engine/Plugins/Experimental/BlueprintStats/BlueprintStats.uplugin
LogPluginManager: Loaded Plugin CharacterAI, From D:/Software/Epic Games/4.14/Engine/Plugins/Experimental/CharacterAI/CharacterAI.uplugin
LogPluginManager: Loaded Plugin CodeEditor, From D:/Software/Epic Games/4.14/Engine/Plugins/Experimental/CodeEditor/CodeEditor.uplugin
LogPluginManager: Loaded Plugin CodeView, From D:/Software/Epic Games/4.14/Engine/Plugins/Experimental/CodeView/CodeView.uplugin
LogPluginManager: Loaded Plugin HTML5Networking, From D:/Software/Epic Games/4.14/Engine/Plugins/Experimental/HTML5Networking/HTML5Networking.uplugin
LogPluginManager: Loaded Plugin OSVR, From D:/Software/Epic Games/4.14/Engine/Plugins/Experimental/OSVR/OSVR.uplugin
LogPluginManager: Loaded Plugin Phya, From D:/Software/Epic Games/4.14/Engine/Plugins/Experimental/Phya/Phya.uplugin
LogPluginManager: Loaded Plugin SignificanceManager, From D:/Software/Epic Games/4.14/Engine/Plugins/Experimental/SignificanceManager/SignificanceManager.uplugin
LogPluginManager: Loaded Plugin SimpleHMD, From D:/Software/Epic Games/4.14/Engine/Plugins/Experimental/SimpleHMD/SimpleHMD.uplugin
LogPluginManager: Loaded Plugin StereoPanorama, From D:/Software/Epic Games/4.14/Engine/Plugins/Experimental/StereoPanorama/StereoPanorama.uplugin
LogPluginManager: Loaded Plugin StructBox, From D:/Software/Epic Games/4.14/Engine/Plugins/Experimental/StructBox/StructBox.uplugin
LogPluginManager: Loaded Plugin Substance, From D:/Software/Epic Games/4.14/Engine/Plugins/Marketplace/Substance/Substance.uplugin
LogPluginManager: Loaded Plugin AndroidMedia, From D:/Software/Epic Games/4.14/Engine/Plugins/Media/AndroidMedia/AndroidMedia.uplugin
LogPluginManager: Loaded Plugin AvfMedia, From D:/Software/Epic Games/4.14/Engine/Plugins/Media/AvfMedia/AvfMedia.uplugin
LogPluginManager: Loaded Plugin MediaPlayerEditor, From D:/Software/Epic Games/4.14/Engine/Plugins/Media/MediaPlayerEditor/MediaPlayerEditor.uplugin
LogPluginManager: Loaded Plugin WmfMedia, From D:/Software/Epic Games/4.14/Engine/Plugins/Media/WmfMedia/WmfMedia.uplugin
LogPluginManager: Loaded Plugin MessagingDebugger, From D:/Software/Epic Games/4.14/Engine/Plugins/Messaging/MessagingDebugger/MessagingDebugger.uplugin
LogPluginManager: Loaded Plugin TcpMessaging, From D:/Software/Epic Games/4.14/Engine/Plugins/Messaging/TcpMessaging/TcpMessaging.uplugin
LogPluginManager: Loaded Plugin UdpMessaging, From D:/Software/Epic Games/4.14/Engine/Plugins/Messaging/UdpMessaging/UdpMessaging.uplugin
LogPluginManager: Loaded Plugin LevelSequenceEditor, From D:/Software/Epic Games/4.14/Engine/Plugins/MovieScene/LevelSequenceEditor/LevelSequenceEditor.uplugin
LogPluginManager: Loaded Plugin MatineeToLevelSequence, From D:/Software/Epic Games/4.14/Engine/Plugins/MovieScene/MatineeToLevelSequence/MatineeToLevelSequence.uplugin
LogPluginManager: Loaded Plugin NetcodeUnitTest, From D:/Software/Epic Games/4.14/Engine/Plugins/NetcodeUnitTest/NetcodeUnitTest/NetcodeUnitTest.uplugin
LogPluginManager: Loaded Plugin NUTUnrealEngine4, From D:/Software/Epic Games/4.14/Engine/Plugins/NetcodeUnitTest/NUTUnrealEngine4/NUTUnrealEngine4.uplugin
LogPluginManager: Loaded Plugin OnlineSubsystemGameCircle, From D:/Software/Epic Games/4.14/Engine/Plugins/Online/Android/OnlineSubsystemGameCircle/OnlineSubsystemGameCircle.uplugin
LogPluginManager: Loaded Plugin OnlineSubsystemGooglePlay, From D:/Software/Epic Games/4.14/Engine/Plugins/Online/Android/OnlineSubsystemGooglePlay/OnlineSubsystemGooglePlay.uplugin
LogPluginManager: Loaded Plugin OnlineSubsystemIOS, From D:/Software/Epic Games/4.14/Engine/Plugins/Online/IOS/OnlineSubsystemIOS/OnlineSubsystemIOS.uplugin
LogPluginManager: Loaded Plugin OnlineFramework, From D:/Software/Epic Games/4.14/Engine/Plugins/Online/OnlineFramework/OnlineFramework.uplugin
LogPluginManager: Loaded Plugin OnlineSubsystem, From D:/Software/Epic Games/4.14/Engine/Plugins/Online/OnlineSubsystem/OnlineSubsystem.uplugin
LogPluginManager: Loaded Plugin OnlineSubsystemAmazon, From D:/Software/Epic Games/4.14/Engine/Plugins/Online/OnlineSubsystemAmazon/OnlineSubsystemAmazon.uplugin
LogPluginManager: Loaded Plugin OnlineSubsystemFacebook, From D:/Software/Epic Games/4.14/Engine/Plugins/Online/OnlineSubsystemFacebook/OnlineSubsystemFacebook.uplugin
LogPluginManager: Loaded Plugin OnlineSubsystemNull, From D:/Software/Epic Games/4.14/Engine/Plugins/Online/OnlineSubsystemNull/OnlineSubsystemNull.uplugin
LogPluginManager: Loaded Plugin OnlineSubsystemOculus, From D:/Software/Epic Games/4.14/Engine/Plugins/Online/OnlineSubsystemOculus/OnlineSubsystemOculus.uplugin
LogPluginManager: Loaded Plugin OnlineSubsystemSteam, From D:/Software/Epic Games/4.14/Engine/Plugins/Online/OnlineSubsystemSteam/OnlineSubsystemSteam.uplugin
LogPluginManager: Loaded Plugin OnlineSubsystemUtils, From D:/Software/Epic Games/4.14/Engine/Plugins/Online/OnlineSubsystemUtils/OnlineSubsystemUtils.uplugin
LogPluginManager: Loaded Plugin IOSTapJoy, From D:/Software/Epic Games/4.14/Engine/Plugins/Runtime/Advertising/IOSTapJoy/IOSTapJoy.uplugin
LogPluginManager: Loaded Plugin AnalyticsBlueprintLibrary, From D:/Software/Epic Games/4.14/Engine/Plugins/Runtime/Analytics/AnalyticsBlueprintLibrary/AnalyticsBlueprintLibrary.uplugin
LogPluginManager: Loaded Plugin AnalyticsMulticast, From D:/Software/Epic Games/4.14/Engine/Plugins/Runtime/Analytics/AnalyticsMulticast/AnalyticsMulticast.uplugin
LogPluginManager: Loaded Plugin Apsalar, From D:/Software/Epic Games/4.14/Engine/Plugins/Runtime/Analytics/Apsalar/Apsalar.uplugin
LogPluginManager: Loaded Plugin FileLogging, From D:/Software/Epic Games/4.14/Engine/Plugins/Runtime/Analytics/FileLogging/FileLogging.uplugin
LogPluginManager: Loaded Plugin Flurry, From D:/Software/Epic Games/4.14/Engine/Plugins/Runtime/Analytics/Flurry/Flurry.uplugin
LogPluginManager: Loaded Plugin AndroidDeviceProfileSelector, From D:/Software/Epic Games/4.14/Engine/Plugins/Runtime/AndroidDeviceProfileSelector/AndroidDeviceProfileSelector.uplugin
LogPluginManager: Loaded Plugin AndroidMoviePlayer, From D:/Software/Epic Games/4.14/Engine/Plugins/Runtime/AndroidMoviePlayer/AndroidMoviePlayer.uplugin
LogPluginManager: Loaded Plugin AppleMoviePlayer, From D:/Software/Epic Games/4.14/Engine/Plugins/Runtime/AppleMoviePlayer/AppleMoviePlayer.uplugin
LogPluginManager: Loaded Plugin ArchVisCharacter, From D:/Software/Epic Games/4.14/Engine/Plugins/Runtime/ArchVisCharacter/ArchVisCharacter.uplugin
LogPluginManager: Loaded Plugin CableComponent, From D:/Software/Epic Games/4.14/Engine/Plugins/Runtime/CableComponent/CableComponent.uplugin
LogPluginManager: Loaded Plugin CustomMeshComponent, From D:/Software/Epic Games/4.14/Engine/Plugins/Runtime/CustomMeshComponent/CustomMeshComponent.uplugin
LogPluginManager: Loaded Plugin ExampleDeviceProfileSelector, From D:/Software/Epic Games/4.14/Engine/Plugins/Runtime/ExampleDeviceProfileSelector/ExampleDeviceProfileSelector.uplugin
LogPluginManager: Loaded Plugin GearVR, From D:/Software/Epic Games/4.14/Engine/Plugins/Runtime/GearVR/GearVR.uplugin
LogPluginManager: Loaded Plugin GoogleVRController, From D:/Software/Epic Games/4.14/Engine/Plugins/Runtime/GoogleVR/GoogleVRController/GoogleVRController.uplugin
LogPluginManager: Loaded Plugin GoogleVRHMD, From D:/Software/Epic Games/4.14/Engine/Plugins/Runtime/GoogleVR/GoogleVRHMD/GoogleVRHMD.uplugin
LogPluginManager: Loaded Plugin IOSDeviceProfileSelector, From D:/Software/Epic Games/4.14/Engine/Plugins/Runtime/IOSDeviceProfileSelector/IOSDeviceProfileSelector.uplugin
LogPluginManager: Loaded Plugin LeapMotion, From D:/Software/Epic Games/4.14/Engine/Plugins/Runtime/LeapMotion/LeapMotion.uplugin
LogPluginManager: Loaded Plugin LinuxDeviceProfileSelector, From D:/Software/Epic Games/4.14/Engine/Plugins/Runtime/LinuxDeviceProfileSelector/LinuxDeviceProfileSelector.uplugin
LogPluginManager: Loaded Plugin MIDIDevice, From D:/Software/Epic Games/4.14/Engine/Plugins/Runtime/MIDIDevice/MIDIDevice.uplugin
LogPluginManager: Loaded Plugin MobilePatchingUtils, From D:/Software/Epic Games/4.14/Engine/Plugins/Runtime/MobilePatchingUtils/MobilePatchingUtils.uplugin
LogPluginManager: Loaded Plugin Ansel, From D:/Software/Epic Games/4.14/Engine/Plugins/Runtime/Nvidia/Ansel/Ansel.uplugin
LogPluginManager: Loaded Plugin OculusAudio, From D:/Software/Epic Games/4.14/Engine/Plugins/Runtime/OculusAudio/OculusAudio.uplugin
LogPluginManager: Loaded Plugin OculusInput, From D:/Software/Epic Games/4.14/Engine/Plugins/Runtime/OculusInput/OculusInput.uplugin
LogPluginManager: Loaded Plugin OculusLibrary, From D:/Software/Epic Games/4.14/Engine/Plugins/Runtime/OculusLibrary/OculusLibrary.uplugin
LogPluginManager: Loaded Plugin OculusRift, From D:/Software/Epic Games/4.14/Engine/Plugins/Runtime/OculusRift/OculusRift.uplugin
LogPluginManager: Loaded Plugin Oodle, From D:/Software/Epic Games/4.14/Engine/Plugins/Runtime/PacketHandlers/CompressionComponents/Oodle/Oodle.uplugin
LogPluginManager: Loaded Plugin ProceduralMeshComponent, From D:/Software/Epic Games/4.14/Engine/Plugins/Runtime/ProceduralMeshComponent/ProceduralMeshComponent.uplugin
LogPluginManager: Loaded Plugin SoundMod, From D:/Software/Epic Games/4.14/Engine/Plugins/Runtime/SoundMod/SoundMod.uplugin
LogPluginManager: Loaded Plugin SoundVisualizations, From D:/Software/Epic Games/4.14/Engine/Plugins/Runtime/SoundVisualizations/SoundVisualizations.uplugin
LogPluginManager: Loaded Plugin SteamController, From D:/Software/Epic Games/4.14/Engine/Plugins/Runtime/Steam/SteamController/SteamController.uplugin
LogPluginManager: Loaded Plugin SteamVR, From D:/Software/Epic Games/4.14/Engine/Plugins/Runtime/Steam/SteamVR/SteamVR.uplugin
LogPluginManager: Loaded Plugin WebBrowserWidget, From D:/Software/Epic Games/4.14/Engine/Plugins/Runtime/WebBrowserWidget/WebBrowserWidget.uplugin
LogPluginManager: Loaded Plugin WindowsDeviceProfileSelector, From D:/Software/Epic Games/4.14/Engine/Plugins/Runtime/WindowsDeviceProfileSelector/WindowsDeviceProfileSelector.uplugin
LogPluginManager: Loaded Plugin WindowsMoviePlayer, From D:/Software/Epic Games/4.14/Engine/Plugins/Runtime/WindowsMoviePlayer/WindowsMoviePlayer.uplugin
LogPluginManager: Loaded Plugin ScriptPlugin, From D:/Software/Epic Games/4.14/Engine/Plugins/ScriptPlugin/ScriptPlugin.uplugin
LogPluginManager: Loaded Plugin SlateRemote, From D:/Software/Epic Games/4.14/Engine/Plugins/Slate/SlateRemote/SlateRemote.uplugin
LogPluginManager: Loaded Plugin EditorTests, From D:/Software/Epic Games/4.14/Engine/Plugins/Tests/EditorTests/EditorTests.uplugin
LogPluginManager: Loaded Plugin FbxAutomationTestBuilder, From D:/Software/Epic Games/4.14/Engine/Plugins/Tests/FbxAutomationTestBuilder/FbxAutomationTestBuilder.uplugin
LogPluginManager: Loaded Plugin FunctionalTestingEditor, From D:/Software/Epic Games/4.14/Engine/Plugins/Tests/FunctionalTestingEditor/FunctionalTestingEditor.uplugin
LogPluginManager: Loaded Plugin RuntimeTests, From D:/Software/Epic Games/4.14/Engine/Plugins/Tests/RuntimeTests/RuntimeTests.uplugin
LogPluginManager: Loaded Plugin ScreenshotTools, From D:/Software/Epic Games/4.14/Engine/Plugins/Tests/ScreenshotTools/ScreenshotTools.uplugin
LogInit: Using libcurl 7.47.1
LogInit:  - built for x86_64-pc-win32
LogInit:  - supports SSL with OpenSSL/1.0.2g
LogInit:  - supports HTTP deflate (compression) using libz 1.2.8
LogInit:  - other features:
LogInit:      CURL_VERSION_SSL
LogInit:      CURL_VERSION_LIBZ
LogInit:      CURL_VERSION_IPV6
LogInit:      CURL_VERSION_ASYNCHDNS
LogInit:      CURL_VERSION_LARGEFILE
LogInit:      CURL_VERSION_IDN
LogInit:  CurlRequestOptions (configurable via config and command line):
LogInit:  - bVerifyPeer = false  - Libcurl will NOT verify peer certificate
LogInit:  - bUseHttpProxy = false  - Libcurl will NOT use HTTP proxy
LogInit:  - bDontReuseConnections = false  - Libcurl will reuse connections
LogInit:  - CertBundlePath = nullptr  - Libcurl will use whatever was configured at build time.
OCULUS: Info: [CAPI] LibOVR module is located at C:\Program Files\Oculus\Support\oculus-runtime\LibOVRRT64_1.dll
OCULUS: Debug: Connected to the server running version (prod = 1).1.13.0(build = 361842) feature version = 0. Client runs version (prod = 1).1.13.0(build = 361842) feature version = 0
OCULUS: Debug: [HMDState] Using default profile default
OCULUS: Info: IAD changed to 59.0mm
OCULUS: Debug: Creating factory
LogInit: Build: ++UE4+Release-4.14-CL-3249277
LogInit: Engine Version: 4.14.3-3249277+++UE4+Release-4.14
LogInit: Compatible Engine Version: 4.14.0-3195953+++UE4+Release-4.14
LogInit: Net CL: 3195953
LogDevObjectVersion: Number of dev versions registered: 13
LogDevObjectVersion:   Dev-Blueprints (B0D832E4-1F89-4F0D-ACCF-7EB736FD4AA2): 7
LogDevObjectVersion:   Dev-Build (E1C64328-A22C-4D53-A36C-8E866417BD8C): 0
LogDevObjectVersion:   Dev-Core (375EC13C-06E4-48FB-B500-84F0262A717E): 1
LogDevObjectVersion:   Dev-Editor (E4B068ED-F494-42E9-A231-DA0B2E46BB41): 8
LogDevObjectVersion:   Dev-Framework (CFFC743F-43B0-4480-9391-14DF171D2073): 17
LogDevObjectVersion:   Dev-Mobile (B02B49B5-BB20-44E9-A304-32B752E40360): 0
LogDevObjectVersion:   Dev-Networking (A4E4105C-59A1-49B5-A7C5-40C4547EDFEE): 0
LogDevObjectVersion:   Dev-Online (39C831C9-5AE6-47DC-9A44-9C173E1C8E7C): 0
LogDevObjectVersion:   Dev-Physics (78F01B33-EBEA-4F98-B9B4-84EACCB95AA2): 0
LogDevObjectVersion:   Dev-Platform (6631380F-2D4D-43E0-8009-CF276956A95A): 0
LogDevObjectVersion:   Dev-Rendering (12F88B9F-8875-4AFC-A67C-D90C383ABD29): 12
LogDevObjectVersion:   Dev-Sequencer (7B5AE74C-D270-4C10-A958-57980B212A5A): 1
LogDevObjectVersion:   Dev-VR (D7296918-1DD6-4BDD-9DE2-64A83CC13884): 0
LogInit: Compiled (64-bit): Jan  6 2017 10:49:43
LogInit: Compiled with Visual C++: 19.00.23026.00
LogInit: Build Configuration: Development
LogInit: Branch Name: ++UE4+Release-4.14
LogInit: Command line: -EpicPortal 
LogInit: Base directory: D:/Software/Epic Games/4.14/Engine/Binaries/Win64/
LogInit: Installed Engine Build: 1
LogInit: Presizing for max 8388607 objects, including 0 objects not considered by GC, pre-allocating 0 bytes for permanent pool.
LogInit: Object subsystem initialized
[2017.04.07-19.13.45:921][  0]LogInit: Selected Device Profile: [Windows]
[2017.04.07-19.13.45:921][  0]LogInit: Applying CVar settings loaded from the selected device profile: [Windows]
[2017.04.07-19.13.45:934][  0]LogInit: Computer: MSI
[2017.04.07-19.13.45:934][  0]LogInit: User: maske
[2017.04.07-19.13.45:934][  0]LogInit: CPU Page size=65536, Cores=4
[2017.04.07-19.13.45:934][  0]LogInit: High frequency timer resolution =2.531249 MHz
[2017.04.07-19.13.45:934][  0]LogMemory: Memory total: Physical=15.9GB (16GB approx)
[2017.04.07-19.13.45:934][  0]LogMemory: Platform Memory Stats for Windows
[2017.04.07-19.13.45:934][  0]LogMemory: Process Physical Memory: 268.96 MB used, 268.96 MB peak
[2017.04.07-19.13.45:934][  0]LogMemory: Process Virtual Memory: 266.01 MB used, 266.01 MB peak
[2017.04.07-19.13.45:934][  0]LogMemory: Physical Memory: 6653.27 MB used,  9606.61 MB free, 16259.88 MB total
[2017.04.07-19.13.45:934][  0]LogMemory: Virtual Memory: 717.82 MB used,  9606.61 MB free, 134217728.00 MB total
[2017.04.07-19.13.46:124][  0]LogTextLocalizationManager: No specific translations for ('en-CA') exist, so ('en') translations will be used.
[2017.04.07-19.13.46:759][  0]LogD3D11RHI: D3D11 adapters:
[2017.04.07-19.13.46:802][  0]LogD3D11RHI:    0. 'NVIDIA GeForce GTX 1060' (Feature Level 11_0)
[2017.04.07-19.13.46:802][  0]LogD3D11RHI:       6084/0/8129 MB DedicatedVideo/DedicatedSystem/SharedSystem, Outputs:1, VendorId:0x10de
[2017.04.07-19.13.46:807][  0]LogD3D11RHI:    1. 'Intel(R) HD Graphics 530' (Feature Level 11_0)
[2017.04.07-19.13.46:808][  0]LogD3D11RHI:       128/0/8129 MB DedicatedVideo/DedicatedSystem/SharedSystem, Outputs:0, VendorId:0x8086
[2017.04.07-19.13.46:809][  0]LogD3D11RHI:    2. 'Microsoft Basic Render Driver' (Feature Level 11_0)
[2017.04.07-19.13.46:809][  0]LogD3D11RHI:       0/0/8129 MB DedicatedVideo/DedicatedSystem/SharedSystem, Outputs:0, VendorId:0x1414
[2017.04.07-19.13.46:809][  0]LogD3D11RHI: Chosen D3D11 Adapter: 0
[2017.04.07-19.13.46:814][  0]LogD3D11RHI: Creating new Direct3DDevice
[2017.04.07-19.13.46:814][  0]LogD3D11RHI:     GPU DeviceId: 0x1c20 (for the marketing name, search the web for "GPU Device Id")
[2017.04.07-19.13.46:814][  0]LogWindows: EnumDisplayDevices:
[2017.04.07-19.13.46:814][  0]LogWindows:    0. 'Intel(R) HD Graphics 530' (P:1 D:1)
[2017.04.07-19.13.46:814][  0]LogWindows:    1. 'Intel(R) HD Graphics 530' (P:0 D:0)
[2017.04.07-19.13.46:814][  0]LogWindows:    2. 'Intel(R) HD Graphics 530' (P:0 D:0)
[2017.04.07-19.13.46:814][  0]LogWindows:    3. 'NVIDIA GeForce GTX 1060' (P:0 D:0)
[2017.04.07-19.13.46:814][  0]LogWindows:    4. 'NVIDIA GeForce GTX 1060' (P:0 D:0)
[2017.04.07-19.13.46:815][  0]LogWindows:    5. 'NVIDIA GeForce GTX 1060' (P:0 D:0)
[2017.04.07-19.13.46:815][  0]LogWindows:    6. 'NVIDIA GeForce GTX 1060' (P:0 D:0)
[2017.04.07-19.13.46:815][  0]LogWindows: DebugString: PrimaryIsNotTheChoosenAdapter PrimaryIsNotTheChoosenAdapter PrimaryIsNotTheChoosenAdapter FoundDriverCount:4 
[2017.04.07-19.13.46:815][  0]LogD3D11RHI:     Adapter Name: NVIDIA GeForce GTX 1060
[2017.04.07-19.13.46:815][  0]LogD3D11RHI:   Driver Version: 378.92 (internal:21.21.13.7892, unified:378.92)
[2017.04.07-19.13.46:815][  0]LogD3D11RHI:      Driver Date: 3-16-2017
[2017.04.07-19.13.46:815][  0]LogRHI: Texture pool is 1361 MB (70% of 1945 MB)
[2017.04.07-19.13.46:832][  0]LogD3D11RHI: Async texture creation enabled
[2017.04.07-19.13.46:843][  0]LogD3D11RHI: GPU Timing Frequency: 1000.000000 (Debug: 2 1)
[2017.04.07-19.13.46:843][  0]LogShaderCompilers: Guid format shader working directory is -52 characters bigger than the processId version (C:/Users/maske/OneDrive/Documents/Unreal Projects/tempProjectRaptor/ProjectRaptor2.0/ProjectRaptor/Intermediate/Shaders/WorkingDirectory/9980/).
[2017.04.07-19.13.46:843][  0]LogShaderCompilers: Cleaned the shader compiler working directory 'C:/Users/maske/AppData/Local/Temp/UnrealShaderWorkingDir/69909BEF4809310F5EF3AC8A998B4143/'.
[2017.04.07-19.13.46:843][  0]LogShaderCompilers:Display: Using Local Shader Compiler.
[2017.04.07-19.13.48:002][  0]LogTemp:Display: Loaded TP AllDesktopTargetPlatform
[2017.04.07-19.13.48:046][  0]LogTemp:Display: Loaded TP MacClientTargetPlatform
[2017.04.07-19.13.48:090][  0]LogTemp:Display: Loaded TP MacNoEditorTargetPlatform
[2017.04.07-19.13.48:132][  0]LogTemp:Display: Loaded TP MacServerTargetPlatform
[2017.04.07-19.13.48:185][  0]LogTemp:Display: Loaded TP MacTargetPlatform
[2017.04.07-19.13.48:247][  0]LogTemp:Display: Loaded TP WindowsClientTargetPlatform
[2017.04.07-19.13.48:304][  0]LogTemp:Display: Loaded TP WindowsNoEditorTargetPlatform
[2017.04.07-19.13.48:364][  0]LogTemp:Display: Loaded TP WindowsServerTargetPlatform
[2017.04.07-19.13.48:412][  0]LogTemp:Display: Loaded TP WindowsTargetPlatform
[2017.04.07-19.13.48:471][  0]LogTemp:Display: Loaded TP AndroidTargetPlatform
[2017.04.07-19.13.48:522][  0]LogTemp:Display: Loaded TP Android_ASTCTargetPlatform
[2017.04.07-19.13.48:572][  0]LogTemp:Display: Loaded TP Android_ATCTargetPlatform
[2017.04.07-19.13.48:616][  0]LogTemp:Display: Loaded TP Android_DXTTargetPlatform
[2017.04.07-19.13.48:663][  0]LogTemp:Display: Loaded TP Android_ETC1TargetPlatform
[2017.04.07-19.13.48:708][  0]LogTemp:Display: Loaded TP Android_ETC2TargetPlatform
[2017.04.07-19.13.48:797][  0]LogTemp:Display: Loaded TP Android_MultiTargetPlatform
[2017.04.07-19.13.48:797][  0]LogTemp:Display: Loaded TP Android_PVRTCTargetPlatform
[2017.04.07-19.13.48:824][  0]LogTemp:Display: Loaded TP HTML5TargetPlatform
[2017.04.07-19.13.48:892][  0]LogTemp:Display: Loaded TP IOSTargetPlatform
[2017.04.07-19.13.48:922][  0]LogTemp:Display: Loaded TP TVOSTargetPlatform
[2017.04.07-19.13.48:965][  0]LogTemp:Display: Loaded TP LinuxClientTargetPlatform
[2017.04.07-19.13.49:008][  0]LogTemp:Display: Loaded TP LinuxNoEditorTargetPlatform
[2017.04.07-19.13.49:050][  0]LogTemp:Display: Loaded TP LinuxServerTargetPlatform
[2017.04.07-19.13.49:093][  0]LogTemp:Display: Loaded TP LinuxTargetPlatform
[2017.04.07-19.13.49:093][  0]LogTargetPlatformManager:Display: Building Assets For Windows
[2017.04.07-19.13.49:385][  0]LogDerivedDataCache:Display: Max Cache Size: 512 MB
[2017.04.07-19.13.49:441][  0]LogDerivedDataCache: Loaded boot cache 0.05s 50MB C:/Users/maske/AppData/Local/UnrealEngine/4.14/DerivedDataCache/Boot.ddc.
[2017.04.07-19.13.49:441][  0]LogDerivedDataCache:Display: Loaded Boot cache: C:/Users/maske/AppData/Local/UnrealEngine/4.14/DerivedDataCache/Boot.ddc
[2017.04.07-19.13.49:441][  0]LogDerivedDataCache: FDerivedDataBackendGraph:  Pak pak cache file C:/Users/maske/OneDrive/Documents/Unreal Projects/tempProjectRaptor/ProjectRaptor2.0/ProjectRaptor/DerivedDataCache/DDC.ddp not found, will not use a pak cache.
[2017.04.07-19.13.49:441][  0]LogDerivedDataCache: Unable to find inner node Pak for hierarchical cache Hierarchy.
[2017.04.07-19.13.49:441][  0]LogDerivedDataCache: FDerivedDataBackendGraph:  CompressedPak pak cache file C:/Users/maske/OneDrive/Documents/Unreal Projects/tempProjectRaptor/ProjectRaptor2.0/ProjectRaptor/DerivedDataCache/Compressed.ddp not found, will not use a pak cache.
[2017.04.07-19.13.49:441][  0]LogDerivedDataCache: Unable to find inner node CompressedPak for hierarchical cache Hierarchy.
[2017.04.07-19.13.49:460][  0]LogDerivedDataCache:Display: Pak cache opened for reading ../../../Engine/DerivedDataCache/Compressed.ddp.
[2017.04.07-19.13.49:472][  0]LogDerivedDataCache: Using Local data cache path C:/Users/maske/AppData/Local/UnrealEngine/Common/DerivedDataCache: Writable
[2017.04.07-19.13.49:669][  0]LogInit: Selected Device Profile: [Windows]
[2017.04.07-19.13.49:673][  0]LogContentStreaming: Texture pool size is 0.00 MB
[2017.04.07-19.13.49:854][  0]LogMeshUtilities: Using QuadricMeshReduction for automatic static mesh reduction
[2017.04.07-19.13.49:885][  0]LogSimplygon: Simplygon DLL not present - disabling.
[2017.04.07-19.13.49:917][  0]LogMeshUtilities: Using SimplygonSwarm for distributed automatic mesh merging
[2017.04.07-19.13.49:917][  0]LogMeshUtilities: No automatic skeletal mesh reduction module available
[2017.04.07-19.13.49:917][  0]LogMeshUtilities: No automatic mesh merging module available
[2017.04.07-19.13.50:399][  0]LogNetVersion: GetLocalNetworkVersion: CL: 3195953, ProjectName: projectraptor, ProjectVersion: , EngineNetworkVersion: 2, GameNetworkVersion: 0, NetworkChecksum: 3772060721
[2017.04.07-19.13.50:448][  0]LogAssetRegistry: FAssetRegistry took 0.0221 seconds to start up
[2017.04.07-19.13.50:492][  0]LogPackageLocalizationCache: Processed 3 localized package path(s) for 2 prioritized culture(s) in 0.028394 seconds
[2017.04.07-19.13.50:498][  0]LogUObjectArray: 31946 objects as part of root set at end of initial load.
[2017.04.07-19.13.50:498][  0]LogUObjectAllocator: 6935848 out of 0 bytes used by permanent object pool.
[2017.04.07-19.13.50:498][  0]LogUObjectArray: CloseDisregardForGC: 0/0 objects in disregard for GC pool
[2017.04.07-19.13.50:540][  0]LogInit: WinSock: version 1.1 (2.2), MaxSocks=32767, MaxUdp=65467
[2017.04.07-19.13.51:058][  0]LogSlate: Using Freetype 2.6.0
[2017.04.07-19.13.51:058][  0]LogSlate: SlateFontCache - WITH_FREETYPE: 1, WITH_HARFBUZZ: 1
[2017.04.07-19.13.51:058][  0]LogSlate: SlateFontCache - WITH_FREETYPE: 1, WITH_HARFBUZZ: 1
[2017.04.07-19.13.51:769][  0]LogSubstanceCoreModule: Substance [CPU] Engine Loaded, Max Texture Size = 2048
[2017.04.07-19.13.51:790][  0]LogTcpMessaging: Initializing TcpMessaging bridge
[2017.04.07-19.13.51:821][  0]LogUdpMessaging: Initializing bridge on interface 0.0.0.0:0 to multicast group 230.0.0.1:6666.
[2017.04.07-19.13.52:064][  0]LogMaterial: Uniform references updated for custom material expression Custom.
[2017.04.07-19.13.52:352][  0]SourceControl: Info Source control is disabled
[2017.04.07-19.13.52:383][  0]SourceControl: Info Source control is disabled
[2017.04.07-19.13.52:417][  0]SourceControl: Info Source control is disabled
[2017.04.07-19.13.52:449][  0]SourceControl: Info Source control is disabled
[2017.04.07-19.13.53:389][  0]LogEngine: Initializing Engine...
[2017.04.07-19.13.53:389][  0]LogHMD: Oculus plugin initialized. Version: 4.14.3-3249277+++UE4+Release-4.14, LibOVR: 1.13.0, SDK: 1.8.0, built Jan  6 2017, 10:50:26
[2017.04.07-19.13.53:514][  0]OCULUS: Debug: [HMDState] Using default profile default
[2017.04.07-19.13.53:514][  0]OCULUS: Info: IAD changed to 59.0mm
[2017.04.07-19.13.53:601][  0]LogAIModule: Creating AISystem for world Untitled
[2017.04.07-19.13.53:629][  0]LogInit: XAudio2 using 'Speakers (Realtek High Definition Audio)' : 8 channels at 48 kHz using 32 bits per sample (channel mask 0x63f)
[2017.04.07-19.13.53:719][  0]LogInit: FAudioDevice initialized.
[2017.04.07-19.13.53:744][  0]LogDerivedDataCache: Saved boot cache 0.02s 50MB C:/Users/maske/AppData/Local/UnrealEngine/4.14/DerivedDataCache/Boot.ddc.
[2017.04.07-19.13.53:752][  0]LogInit: Texture streaming: Enabled
[2017.04.07-19.13.53:887][  0]LogInit: Transaction tracking system initialized
[2017.04.07-19.13.54:134][  0]BlueprintLog: New page: Editor Load
[2017.04.07-19.13.54:768][  0]LocalizationService: Info Localization service is disabled
[2017.04.07-19.13.55:237][  0]LogConsoleResponse:Display: 
[2017.04.07-19.13.55:362][  0]LogCook:Display: Max memory allowance for cook 16384mb min free memory 0mb
[2017.04.07-19.13.55:362][  0]LogCook:Display: Mobile HDR setting 1
[2017.04.07-19.13.55:378][  0]LogFileCache: Scanning file cache for directory 'C:/Users/maske/OneDrive/Documents/Unreal Projects/tempProjectRaptor/ProjectRaptor2.0/ProjectRaptor/Content/' took 0.01s
[2017.04.07-19.13.56:030][  0]SourceControl: Info Source control is disabled
[2017.04.07-19.13.56:031][  0]LightingResults: New page: Lighting Build
[2017.04.07-19.13.56:060][  0]MapCheck: New page: Map Check
[2017.04.07-19.13.56:060][  0]LightingResults: New page: Lighting Build
[2017.04.07-19.13.56:557][  0]LogBlueprint:Warning: [Compiler MotionControllerPawn] Warning Get Input Axis references unknown Axis 'MotionControllerThumbRight_X' for  K2Node_GetInputAxisValue_95
[2017.04.07-19.13.56:557][  0]LogBlueprint:Warning: [Compiler MotionControllerPawn] Warning Get Input Axis references unknown Axis 'MotionControllerThumbRight_Y' for  K2Node_GetInputAxisValue_94
[2017.04.07-19.13.56:557][  0]LogBlueprint:Warning: [Compiler MotionControllerPawn] Warning Get Input Axis references unknown Axis 'MotionControllerThumbLeft_Y' for  K2Node_GetInputAxisValue_15
[2017.04.07-19.13.56:557][  0]LogBlueprint:Warning: [Compiler MotionControllerPawn] Warning Get Input Axis references unknown Axis 'MotionControllerThumbLeft_X' for  K2Node_GetInputAxisValue_14
[2017.04.07-19.13.56:564][  0]LogBlueprint:Warning: [Compiler MotionControllerPawn] Warning [0011.95] Compile of MotionControllerPawn successful, but with 4 Warning(s) [in 14 ms] (/Game/VirtualRealityBP/Blueprints/MotionControllerPawn.MotionControllerPawn)
[2017.04.07-19.13.56:564][  0]LogBlueprint:Warning: [Compiler MotionControllerPawn] Warning [0011.95] Compile of MotionControllerPawn successful, but with 5 Warning(s) [in 0 ms] (/Game/VirtualRealityBP/Blueprints/MotionControllerPawn.MotionControllerPawn)
[2017.04.07-19.13.56:564][  0]LogBlueprint:Warning: [Compiler MotionControllerPawn] Warning [0011.95] Compile of MotionControllerPawn successful, but with 6 Warning(s) [in 0 ms] (/Game/VirtualRealityBP/Blueprints/MotionControllerPawn.MotionControllerPawn)
[2017.04.07-19.13.56:575][  0]LogBlueprint:Warning: [Compiler MotionControllerPawn] Warning Get Input Axis references unknown Axis 'MotionControllerThumbRight_X' for  K2Node_GetInputAxisValue_95
[2017.04.07-19.13.56:575][  0]LogBlueprint:Warning: [Compiler MotionControllerPawn] Warning Get Input Axis references unknown Axis 'MotionControllerThumbRight_Y' for  K2Node_GetInputAxisValue_94
[2017.04.07-19.13.56:575][  0]LogBlueprint:Warning: [Compiler MotionControllerPawn] Warning Get Input Axis references unknown Axis 'MotionControllerThumbLeft_Y' for  K2Node_GetInputAxisValue_15
[2017.04.07-19.13.56:575][  0]LogBlueprint:Warning: [Compiler MotionControllerPawn] Warning Get Input Axis references unknown Axis 'MotionControllerThumbLeft_X' for  K2Node_GetInputAxisValue_14
[2017.04.07-19.13.56:582][  0]LogBlueprint:Warning: [Compiler MotionControllerPawn] Warning [0011.97] Compile of MotionControllerPawn successful, but with 4 Warning(s) [in 14 ms] (/Game/VirtualRealityBP/Blueprints/MotionControllerPawn.MotionControllerPawn)
[2017.04.07-19.13.56:582][  0]LogBlueprint:Warning: [Compiler MotionControllerPawn] Warning [0011.97] Compile of MotionControllerPawn successful, but with 5 Warning(s) [in 0 ms] (/Game/VirtualRealityBP/Blueprints/MotionControllerPawn.MotionControllerPawn)
[2017.04.07-19.13.56:582][  0]LogBlueprint:Warning: [Compiler MotionControllerPawn] Warning [0011.97] Compile of MotionControllerPawn successful, but with 6 Warning(s) [in 0 ms] (/Game/VirtualRealityBP/Blueprints/MotionControllerPawn.MotionControllerPawn)
[2017.04.07-19.13.56:977][  0]LogAIModule: Creating AISystem for world MotionControllerMap
[2017.04.07-19.13.56:991][  0]LogEditorServer: Finished looking for orphan Actors (0.000 secs)
[2017.04.07-19.13.56:991][  0]Cmd: MAP CHECKDEP NOCLEARLOG
[2017.04.07-19.13.57:028][  0]MapCheck: Info Map check complete: 0 Error(s), 0 Warning(s), took 36.785ms to complete.
[2017.04.07-19.13.57:028][  0]LogFileHelpers: Loading map 'MotionControllerMap' took 0.998
[2017.04.07-19.13.57:084][  0]LogWindowsTextInputMethodSystem:Display: IME system now deactivated.
[2017.04.07-19.13.57:160][  0]LogCollectionManager: Loaded 0 collections in 0.000761 seconds
[2017.04.07-19.13.57:227][  0]LogFileCache: Scanning file cache for directory 'C:/Users/maske/OneDrive/Documents/Unreal Projects/tempProjectRaptor/ProjectRaptor2.0/ProjectRaptor/Saved/Collections/' took 0.01s
[2017.04.07-19.13.57:227][  0]LogFileCache: Scanning file cache for directory 'C:/Users/maske/OneDrive/Documents/Unreal Projects/tempProjectRaptor/ProjectRaptor2.0/ProjectRaptor/Content/Developers/maske/Collections/' took 0.01s
[2017.04.07-19.13.57:227][  0]LogFileCache: Scanning file cache for directory 'C:/Users/maske/OneDrive/Documents/Unreal Projects/tempProjectRaptor/ProjectRaptor2.0/ProjectRaptor/Content/Collections/' took 0.01s
[2017.04.07-19.13.57:227][  0]LogCollectionManager: Rebuilt the GUID cache for 0 collections in 0.000002 seconds
[2017.04.07-19.13.57:237][  0]LogContentBrowser: Native class hierarchy populated in 0.0099 seconds. Added 2204 classes and 434 folders.
[2017.04.07-19.13.57:265][  0]LogStats: UGameplayTagsManager::ConstructGameplayTagTree: Construct from data asset -  0.000 s
[2017.04.07-19.13.57:265][  0]LogStats: UGameplayTagsManager::ConstructGameplayTagTree: GameplayTagTreeChangedEvent.Broadcast -  0.000 s
[2017.04.07-19.13.57:266][  0]LogContentBrowser: Native class hierarchy updated for 'GameplayTags' in 0.0006 seconds. Added 13 classes and 0 folders.
[2017.04.07-19.13.57:310][  0]LogContentBrowser: Native class hierarchy updated for 'WidgetCarousel' in 0.0004 seconds. Added 0 classes and 0 folders.
[2017.04.07-19.13.57:342][  0]LogContentBrowser: Native class hierarchy updated for 'AddContentDialog' in 0.0004 seconds. Added 0 classes and 0 folders.
[2017.04.07-19.13.57:376][  0]LogContentBrowser: Native class hierarchy updated for 'SceneOutliner' in 0.0005 seconds. Added 1 classes and 2 folders.
[2017.04.07-19.13.57:460][  0]LogCrashTracker: Crashtracker disabled due to settings.
[2017.04.07-19.13.57:467][  0]LogUObjectGlobals:Warning: Failed to find object 'Class None.'
[2017.04.07-19.13.57:521][  0]LogContentBrowser: Native class hierarchy updated for 'HierarchicalLODOutliner' in 0.0005 seconds. Added 1 classes and 2 folders.
[2017.04.07-19.13.57:522][  0]LogLoad: (Engine Initialization) Total time: 12.91 seconds
[2017.04.07-19.13.57:522][  0]LogLoad: (Engine Initialization) Total Blueprint compile time: 0.32 seconds
[2017.04.07-19.13.57:522][  0]LogExternalProfiler: Found external profiler: VSPerf
[2017.04.07-19.13.57:522][  0]LogExternalProfiler: Using external profiler: VSPerf
[2017.04.07-19.13.57:541][  0]LogOcInput: OculusInput pre-init called
[2017.04.07-19.13.57:554][  0]LogOcInput: OculusInput is initialized. Init status 0. Runtime version: 1.13.0
[2017.04.07-19.13.57:576][  0]LogContentStreaming: Texture pool size now 1000 MB
[2017.04.07-19.13.57:718][  1]LogAssetRegistry: Asset discovery search completed in 7.2921 seconds
[2017.04.07-19.13.57:718][  1]LogCollectionManager: Rebuilt the object cache for 0 collections in 0.000000 seconds (found 0 objects)
[2017.04.07-19.13.57:718][  1]LogCollectionManager: Fixed up redirectors for 0 collections in 0.000014 seconds (updated 0 objects)
[2017.04.07-19.13.57:749][  2]LogRenderer: Reallocating scene render targets to support 920x440 NumSamples 1 (Frame:2).
[2017.04.07-19.15.53:958][998]LogEditorViewport: Clicking on Actor (LMB): Conveyor_BP_C (Conveyor_BP2)
[2017.04.07-19.16.18:299][430]LogContentBrowser: Native class hierarchy updated for 'BlueprintGraph' in 0.0009 seconds. Added 111 classes and 0 folders.
[2017.04.07-19.19.14:984][638]LogRenderer: Reallocating scene render targets to support 956x688 NumSamples 1 (Frame:18471).
[2017.04.07-19.24.40:569][ 99]LogBlueprint:Warning: [Compiler ] Warning Pasted node  K2Node_CustomEvent_6   conflicted with  K2Node_CustomEvent_22  and was replaced as a Custom Event!
[2017.04.07-19.24.40:584][ 99]BlueprintEditorCompileResults:Warning: Warning Pasted node  K2Node_CustomEvent_6   conflicted with  K2Node_CustomEvent_22  and was replaced as a Custom Event!
[2017.04.07-19.24.52:928][824]BlueprintLog: New page: Compile Interactable_Mesh_BP
[2017.04.07-19.25.47:405][ 28]BlueprintLog: New page: Compile Conveyor_BP
[2017.04.07-19.28.03:163][660]BlueprintLog: New page: Compile Conveyor_BP
[2017.04.07-19.28.03:836][689]LogSavePackage: Save=22.00ms
[2017.04.07-19.28.03:836][689]LogSavePackage: Moving 'C:/Users/maske/OneDrive/Documents/Unreal Projects/tempProjectRaptor/ProjectRaptor2.0/ProjectRaptor/Saved/Conveyor_BPED5C984746D0A7C10FC1FABC28640596.tmp' to 'C:/Users/maske/OneDrive/Documents/Unreal Projects/tempProjectRaptor/ProjectRaptor2.0/ProjectRaptor/Content/Spawn_BP/Conveyor_BP.uasset'
[2017.04.07-19.28.03:841][689]LogSavePackage:Display: Finished SavePackage C:/Users/maske/OneDrive/Documents/Unreal Projects/tempProjectRaptor/ProjectRaptor2.0/ProjectRaptor/Content/Spawn_BP/Conveyor_BP.uasset
[2017.04.07-19.28.30:560][835]LogSavePackage: Save=117.57ms
[2017.04.07-19.28.30:560][835]LogSavePackage: Moving 'C:/Users/maske/OneDrive/Documents/Unreal Projects/tempProjectRaptor/ProjectRaptor2.0/ProjectRaptor/Saved/MotionControllerMap_Auto1DD6ACB2F4AA859C54A0FE2B7E868512F.tmp' to 'C:/Users/maske/OneDrive/Documents/Unreal Projects/tempProjectRaptor/ProjectRaptor2.0/ProjectRaptor/Saved/Autosaves/Game/VirtualRealityBP/Maps/MotionControllerMap_Auto1.umap'
[2017.04.07-19.28.30:562][835]LogSavePackage:Display: Finished SavePackage C:/Users/maske/OneDrive/Documents/Unreal Projects/tempProjectRaptor/ProjectRaptor2.0/ProjectRaptor/Saved/Autosaves/Game/VirtualRealityBP/Maps/MotionControllerMap_Auto1.umap
[2017.04.07-19.28.30:564][835]LogFileHelpers: Editor autosave (incl. sublevels) for '/Game/VirtualRealityBP/Maps/MotionControllerMap' took 0.171
[2017.04.07-19.28.30:564][835]LogFileHelpers: Editor autosave (incl. sublevels) for all levels took 0.171
[2017.04.07-19.28.30:567][835]OBJ SavePackage: Generating thumbnails for [1] asset(s) in package [/Game/VirtualRealityBP/Blueprints/BP_MotionController] ([1] browsable assets)...
[2017.04.07-19.28.30:588][835]OBJ SavePackage:     Rendered thumbnail for [Blueprint /Game/VirtualRealityBP/Blueprints/BP_MotionController.BP_MotionController]
[2017.04.07-19.28.30:588][835]OBJ SavePackage: Finished generating thumbnails for package [/Game/VirtualRealityBP/Blueprints/BP_MotionController]
[2017.04.07-19.28.30:774][835]LogSavePackage: Save=159.27ms
[2017.04.07-19.28.30:774][835]LogSavePackage: Moving 'C:/Users/maske/OneDrive/Documents/Unreal Projects/tempProjectRaptor/ProjectRaptor2.0/ProjectRaptor/Saved/BP_MotionController_Auto1CD6EF8CF47CAD782EEF0A9B71305CAD4.tmp' to 'C:/Users/maske/OneDrive/Documents/Unreal Projects/tempProjectRaptor/ProjectRaptor2.0/ProjectRaptor/Saved/Autosaves/Game/VirtualRealityBP/Blueprints/BP_MotionController_Auto1.uasset'
[2017.04.07-19.28.30:777][835]LogSavePackage:Display: Finished SavePackage C:/Users/maske/OneDrive/Documents/Unreal Projects/tempProjectRaptor/ProjectRaptor2.0/ProjectRaptor/Saved/Autosaves/Game/VirtualRealityBP/Blueprints/BP_MotionController_Auto1.uasset
[2017.04.07-19.28.30:777][835]OBJ SavePackage: Generating thumbnails for [0] asset(s) in package [/Game/Interactable_Mesh_BP] ([1] browsable assets)...
[2017.04.07-19.28.30:777][835]OBJ SavePackage: Finished generating thumbnails for package [/Game/Interactable_Mesh_BP]
[2017.04.07-19.28.30:818][835]LogSavePackage: Save=15.88ms
[2017.04.07-19.28.30:818][835]LogSavePackage: Moving 'C:/Users/maske/OneDrive/Documents/Unreal Projects/tempProjectRaptor/ProjectRaptor2.0/ProjectRaptor/Saved/Interactable_Mesh_BP_Auto18AD95CD24F7F4A3ADC6218B86CD6F7FA.tmp' to 'C:/Users/maske/OneDrive/Documents/Unreal Projects/tempProjectRaptor/ProjectRaptor2.0/ProjectRaptor/Saved/Autosaves/Game/Interactable_Mesh_BP_Auto1.uasset'
[2017.04.07-19.28.30:820][835]LogSavePackage:Display: Finished SavePackage C:/Users/maske/OneDrive/Documents/Unreal Projects/tempProjectRaptor/ProjectRaptor2.0/ProjectRaptor/Saved/Autosaves/Game/Interactable_Mesh_BP_Auto1.uasset
[2017.04.07-19.28.30:820][835]LogFileHelpers: Auto-saving content packages took 0.254
[2017.04.07-19.29.58:294][157]LogSavePackage: Save=19.60ms
[2017.04.07-19.29.58:294][157]LogSavePackage: Moving 'C:/Users/maske/OneDrive/Documents/Unreal Projects/tempProjectRaptor/ProjectRaptor2.0/ProjectRaptor/Saved/Conveyor_BPBA8E0796482883BAB7BB8888EEDB0214.tmp' to 'C:/Users/maske/OneDrive/Documents/Unreal Projects/tempProjectRaptor/ProjectRaptor2.0/ProjectRaptor/Content/Spawn_BP/Conveyor_BP.uasset'
[2017.04.07-19.29.58:297][157]LogSavePackage:Display: Finished SavePackage C:/Users/maske/OneDrive/Documents/Unreal Projects/tempProjectRaptor/ProjectRaptor2.0/ProjectRaptor/Content/Spawn_BP/Conveyor_BP.uasset
[2017.04.07-19.30.04:945][486]LogSavePackage: Save=19.93ms
[2017.04.07-19.30.04:946][486]LogSavePackage: Moving 'C:/Users/maske/OneDrive/Documents/Unreal Projects/tempProjectRaptor/ProjectRaptor2.0/ProjectRaptor/Saved/Conveyor_BPDF05EE5E4ED2E08A69792695EA355A06.tmp' to 'C:/Users/maske/OneDrive/Documents/Unreal Projects/tempProjectRaptor/ProjectRaptor2.0/ProjectRaptor/Content/Spawn_BP/Conveyor_BP.uasset'
[2017.04.07-19.30.04:947][486]LogSavePackage:Display: Finished SavePackage C:/Users/maske/OneDrive/Documents/Unreal Projects/tempProjectRaptor/ProjectRaptor2.0/ProjectRaptor/Content/Spawn_BP/Conveyor_BP.uasset
[2017.04.07-19.38.52:302][999]LogMaterial: Missing cached shader map for material Van_M, compiling. 
[2017.04.07-19.38.52:400][999]LogMaterial: Missing cached shader map for material Van_M, compiling. 
[2017.04.07-19.38.52:414][999]LogMaterial: 0.00 seconds spent updating 1 materials, 1 interfaces, 0 instances, 0 with static permutations.
[2017.04.07-19.38.54:225][ 38]MaterialEditorStats: Info Base pass shader with only dynamic lighting: 22 instructions
[2017.04.07-19.38.54:225][ 38]MaterialEditorStats: Info Vertex shader: 29 instructions
[2017.04.07-19.38.54:225][ 38]MaterialEditorStats: Info Texture samplers: 0/16
[2017.04.07-19.38.57:990][244]LogMaterial: Missing cached shader map for material Van_M, compiling. 
[2017.04.07-19.38.58:001][244]LogMaterial: 0.00 seconds spent updating 1 materials, 1 interfaces, 0 instances, 0 with static permutations.
[2017.04.07-19.38.58:828][287]MaterialEditorStats: Info Base pass shader with only dynamic lighting: 22 instructions
[2017.04.07-19.38.58:828][287]MaterialEditorStats: Info Vertex shader: 29 instructions
[2017.04.07-19.38.58:828][287]MaterialEditorStats: Info Texture samplers: 0/16
[2017.04.07-19.39.05:172][665]LogMaterial: Missing cached shader map for material Van_M, compiling. 
[2017.04.07-19.39.05:173][665]LogMaterial:Warning: Failed to compile Material /Engine/Transient.Van_M for platform PCD3D_SM5, Default Material will be used in game.
[2017.04.07-19.39.05:173][665]LogMaterial:Warning: 	SceneTexture expressions cannot be used in opaque materials
[2017.04.07-19.39.05:173][665]LogMaterial: 0.00 seconds spent updating 1 materials, 1 interfaces, 0 instances, 0 with static permutations.
[2017.04.07-19.39.05:175][665]MaterialEditorStats:Error: Error [SM5] SceneTexture expressions cannot be used in opaque materials
[2017.04.07-19.39.20:671][593]LogMaterial: Missing cached shader map for material Van_M, compiling. 
[2017.04.07-19.39.20:681][593]LogMaterial: 0.00 seconds spent updating 1 materials, 1 interfaces, 0 instances, 0 with static permutations.
[2017.04.07-19.39.21:724][649]MaterialEditorStats: Info Base pass shader with only dynamic lighting: 22 instructions
[2017.04.07-19.39.21:724][649]MaterialEditorStats: Info Vertex shader: 29 instructions
[2017.04.07-19.39.21:724][649]MaterialEditorStats: Info Texture samplers: 0/16
[2017.04.07-19.39.30:735][ 64]BlueprintLog: New page: Compile BP_MotionController
[2017.04.07-19.39.31:582][ 85]LogSavePackage: Save=162.45ms
[2017.04.07-19.39.31:582][ 85]LogSavePackage: Moving 'C:/Users/maske/OneDrive/Documents/Unreal Projects/tempProjectRaptor/ProjectRaptor2.0/ProjectRaptor/Saved/BP_MotionController69D41DC94CCE43C6089B81A722850AB4.tmp' to 'C:/Users/maske/OneDrive/Documents/Unreal Projects/tempProjectRaptor/ProjectRaptor2.0/ProjectRaptor/Content/VirtualRealityBP/Blueprints/BP_MotionController.uasset'
[2017.04.07-19.39.31:588][ 85]LogSavePackage:Display: Finished SavePackage C:/Users/maske/OneDrive/Documents/Unreal Projects/tempProjectRaptor/ProjectRaptor2.0/ProjectRaptor/Content/VirtualRealityBP/Blueprints/BP_MotionController.uasset
[2017.04.07-19.39.58:504][471]LogFileHelpers: Editor autosave (incl. sublevels) for '/Game/VirtualRealityBP/Maps/MotionControllerMap' took 0.018
[2017.04.07-19.39.58:506][471]OBJ SavePackage: Generating thumbnails for [1] asset(s) in package [/Game/Van_M] ([1] browsable assets)...
[2017.04.07-19.39.58:520][471]OBJ SavePackage:     Rendered thumbnail for [Material /Game/Van_M.Van_M]
[2017.04.07-19.39.58:520][471]OBJ SavePackage: Finished generating thumbnails for package [/Game/Van_M]
[2017.04.07-19.39.58:537][471]LogSavePackage: Save=14.74ms
[2017.04.07-19.39.58:537][471]LogSavePackage: Moving 'C:/Users/maske/OneDrive/Documents/Unreal Projects/tempProjectRaptor/ProjectRaptor2.0/ProjectRaptor/Saved/Van_M_Auto2922C8A914AAB5FA4A520A3AAAB172EAD.tmp' to 'C:/Users/maske/OneDrive/Documents/Unreal Projects/tempProjectRaptor/ProjectRaptor2.0/ProjectRaptor/Saved/Autosaves/Game/Van_M_Auto2.uasset'
[2017.04.07-19.39.58:539][471]LogSavePackage:Display: Finished SavePackage C:/Users/maske/OneDrive/Documents/Unreal Projects/tempProjectRaptor/ProjectRaptor2.0/ProjectRaptor/Saved/Autosaves/Game/Van_M_Auto2.uasset
[2017.04.07-19.39.58:539][471]LogFileHelpers: Auto-saving content packages took 0.033
[2017.04.07-19.47.52:210][459]BlueprintLog: New page: Compile BP_MotionController
[2017.04.07-19.47.56:041][659]LogSavePackage: Save=161.03ms
[2017.04.07-19.47.56:042][659]LogSavePackage: Moving 'C:/Users/maske/OneDrive/Documents/Unreal Projects/tempProjectRaptor/ProjectRaptor2.0/ProjectRaptor/Saved/BP_MotionController20A170584A61478DF164178BD99D6B7B.tmp' to 'C:/Users/maske/OneDrive/Documents/Unreal Projects/tempProjectRaptor/ProjectRaptor2.0/ProjectRaptor/Content/VirtualRealityBP/Blueprints/BP_MotionController.uasset'
[2017.04.07-19.47.56:046][659]LogSavePackage:Display: Finished SavePackage C:/Users/maske/OneDrive/Documents/Unreal Projects/tempProjectRaptor/ProjectRaptor2.0/ProjectRaptor/Content/VirtualRealityBP/Blueprints/BP_MotionController.uasset
[2017.04.07-19.48.42:751][432]LogSavePackage: Save=149.70ms
[2017.04.07-19.48.42:751][432]LogSavePackage: Moving 'C:/Users/maske/OneDrive/Documents/Unreal Projects/tempProjectRaptor/ProjectRaptor2.0/ProjectRaptor/Saved/BP_MotionController21F20EF1464C70BB2C1F4194B51E6D6A.tmp' to 'C:/Users/maske/OneDrive/Documents/Unreal Projects/tempProjectRaptor/ProjectRaptor2.0/ProjectRaptor/Content/VirtualRealityBP/Blueprints/BP_MotionController.uasset'
[2017.04.07-19.48.42:755][432]LogSavePackage:Display: Finished SavePackage C:/Users/maske/OneDrive/Documents/Unreal Projects/tempProjectRaptor/ProjectRaptor2.0/ProjectRaptor/Content/VirtualRealityBP/Blueprints/BP_MotionController.uasset
[2017.04.07-19.59.21:720][346]LogDirectoryWatcher: A directory notification failed for 'C:/Users/maske/OneDrive/Documents/Unreal Projects/tempProjectRaptor/ProjectRaptor2.0/ProjectRaptor/Saved/Collections/' because it could not be accessed. Aborting watch request...
[2017.04.07-19.59.21:720][346]LogDirectoryWatcher: A directory notification failed for 'C:/Users/maske/OneDrive/Documents/Unreal Projects/tempProjectRaptor/ProjectRaptor2.0/ProjectRaptor/Content/Developers/maske/Collections/' because it could not be accessed. Aborting watch request...
[2017.04.07-19.59.21:720][346]LogDirectoryWatcher: A directory notification failed for 'C:/Users/maske/OneDrive/Documents/Unreal Projects/tempProjectRaptor/ProjectRaptor2.0/ProjectRaptor/Content/Collections/' because it could not be accessed. Aborting watch request...
[2017.04.07-20.08.06:679][636]LogFileHelpers: Editor autosave (incl. sublevels) for '/Game/VirtualRealityBP/Maps/MotionControllerMap' took 0.025
[2017.04.07-20.08.06:680][636]OBJ SavePackage: Generating thumbnails for [0] asset(s) in package [/Game/Spawn_BP/Conveyor_BP] ([1] browsable assets)...
[2017.04.07-20.08.06:680][636]OBJ SavePackage: Finished generating thumbnails for package [/Game/Spawn_BP/Conveyor_BP]
[2017.04.07-20.08.06:728][636]LogSavePackage: Save=19.11ms
[2017.04.07-20.08.06:728][636]LogSavePackage: Moving 'C:/Users/maske/OneDrive/Documents/Unreal Projects/tempProjectRaptor/ProjectRaptor2.0/ProjectRaptor/Saved/Conveyor_BP_Auto3D368C1844969F85F4D052C851552AE07.tmp' to 'C:/Users/maske/OneDrive/Documents/Unreal Projects/tempProjectRaptor/ProjectRaptor2.0/ProjectRaptor/Saved/Autosaves/Game/Spawn_BP/Conveyor_BP_Auto3.uasset'
[2017.04.07-20.08.06:730][636]LogSavePackage:Display: Finished SavePackage C:/Users/maske/OneDrive/Documents/Unreal Projects/tempProjectRaptor/ProjectRaptor2.0/ProjectRaptor/Saved/Autosaves/Game/Spawn_BP/Conveyor_BP_Auto3.uasset
[2017.04.07-20.08.06:730][636]LogFileHelpers: Auto-saving content packages took 0.051
[2017.04.07-20.09.04:075][758]LogEditorViewport: Clicking on Actor (LMB): StaticMeshActor (Cube10)
[2017.04.07-20.09.12:272][241]LogEditorViewport: Clicking on Actor (LMB): StaticMeshActor (Cube9)
[2017.04.07-20.19.10:365][571]LogSavePackage: Save=131.33ms
[2017.04.07-20.19.10:365][571]LogSavePackage: Moving 'C:/Users/maske/OneDrive/Documents/Unreal Projects/tempProjectRaptor/ProjectRaptor2.0/ProjectRaptor/Saved/MotionControllerMap_Auto44B9E3C2642EBD0C862021F854E4E9ED1.tmp' to 'C:/Users/maske/OneDrive/Documents/Unreal Projects/tempProjectRaptor/ProjectRaptor2.0/ProjectRaptor/Saved/Autosaves/Game/VirtualRealityBP/Maps/MotionControllerMap_Auto4.umap'
[2017.04.07-20.19.10:368][571]LogSavePackage:Display: Finished SavePackage C:/Users/maske/OneDrive/Documents/Unreal Projects/tempProjectRaptor/ProjectRaptor2.0/ProjectRaptor/Saved/Autosaves/Game/VirtualRealityBP/Maps/MotionControllerMap_Auto4.umap
[2017.04.07-20.19.10:370][571]LogFileHelpers: Editor autosave (incl. sublevels) for '/Game/VirtualRealityBP/Maps/MotionControllerMap' took 0.196
[2017.04.07-20.19.10:370][571]LogFileHelpers: Editor autosave (incl. sublevels) for all levels took 0.196
[2017.04.07-20.19.10:372][571]OBJ SavePackage: Generating thumbnails for [0] asset(s) in package [/Game/Spawn_BP/Conveyor_BP] ([1] browsable assets)...
[2017.04.07-20.19.10:372][571]OBJ SavePackage: Finished generating thumbnails for package [/Game/Spawn_BP/Conveyor_BP]
[2017.04.07-20.19.10:427][571]LogSavePackage: Save=22.78ms
[2017.04.07-20.19.10:427][571]LogSavePackage: Moving 'C:/Users/maske/OneDrive/Documents/Unreal Projects/tempProjectRaptor/ProjectRaptor2.0/ProjectRaptor/Saved/Conveyor_BP_Auto483E560FD41612D736413089C2D7BDF8E.tmp' to 'C:/Users/maske/OneDrive/Documents/Unreal Projects/tempProjectRaptor/ProjectRaptor2.0/ProjectRaptor/Saved/Autosaves/Game/Spawn_BP/Conveyor_BP_Auto4.uasset'
[2017.04.07-20.19.10:429][571]LogSavePackage:Display: Finished SavePackage C:/Users/maske/OneDrive/Documents/Unreal Projects/tempProjectRaptor/ProjectRaptor2.0/ProjectRaptor/Saved/Autosaves/Game/Spawn_BP/Conveyor_BP_Auto4.uasset
[2017.04.07-20.19.10:429][571]LogFileHelpers: Auto-saving content packages took 0.058
[2017.04.07-20.19.14:516][810]LogBlueprintUserMessages: Early PlayInEditor Detection: Level '/Game/VirtualRealityBP/Maps/MotionControllerMap.MotionControllerMap:PersistentLevel' has LevelScriptBlueprint '/Game/VirtualRealityBP/Maps/MotionControllerMap.MotionControllerMap:PersistentLevel.MotionControllerMap' with GeneratedClass '/Game/VirtualRealityBP/Maps/MotionControllerMap.MotionControllerMap_C' with ClassGeneratedBy '/Game/VirtualRealityBP/Maps/MotionControllerMap.MotionControllerMap:PersistentLevel.MotionControllerMap'
[2017.04.07-20.19.14:516][810]LogPlayLevel: PlayLevel: No blueprints needed recompiling
[2017.04.07-20.19.14:517][810]OCULUS: Debug: [HMDState] Using default profile default
[2017.04.07-20.19.14:517][810]OCULUS: Info: IAD changed to 59.0mm
[2017.04.07-20.19.14:517][810]LogHMD: New ovr session is created
[2017.04.07-20.19.14:518][810]LogHMD: HMD Oculus Rift CV1, res = 2160 x 1200
[2017.04.07-20.19.14:518][810]PIE: New page: PIE session: MotionControllerMap (Apr 7, 2017, 12:19:14 PM)
[2017.04.07-20.19.14:518][810]LogPlayLevel: Creating play world package: /Game/VirtualRealityBP/Maps/UEDPIE_0_MotionControllerMap
[2017.04.07-20.19.14:524][810]LogPlayLevel: PIE: StaticDuplicateObject took: (0.006267s)
[2017.04.07-20.19.14:525][810]LogAIModule: Creating AISystem for world MotionControllerMap
[2017.04.07-20.19.14:525][810]LogPlayLevel: PIE: World Init took: (0.000988s)
[2017.04.07-20.19.14:526][810]LogPlayLevel: PIE: Created PIE world by copying editor world from /Game/VirtualRealityBP/Maps/MotionControllerMap.MotionControllerMap to /Game/VirtualRealityBP/Maps/UEDPIE_0_MotionControllerMap.MotionControllerMap (0.007585s)
[2017.04.07-20.19.14:546][810]LogHMD: Vision Tracking Acquired
[2017.04.07-20.19.14:576][810]LogInit: XAudio2 using 'Headphones (Rift Audio)' : 2 channels at 48 kHz using 16 bits per sample (channel mask 0x3)
[2017.04.07-20.19.14:589][810]LogInit: FAudioDevice initialized.
[2017.04.07-20.19.14:710][810]LogLoad: Game class is 'VR_GameMode_Menu_BP_C'
[2017.04.07-20.19.14:714][810]LogWorld: Bringing World /Game/VirtualRealityBP/Maps/UEDPIE_0_MotionControllerMap.MotionControllerMap up for play (max tick rate 0) at 2017.04.07-16.19.14
[2017.04.07-20.19.14:715][810]LogWorld: Bringing up level for play took: 0.002448
[2017.04.07-20.19.14:757][810]LogContentBrowser: Native class hierarchy updated for 'MovieSceneCapture' in 0.0008 seconds. Added 11 classes and 0 folders.
[2017.04.07-20.19.14:782][810]PIE: Info Play in editor start time for /Game/VirtualRealityBP/Maps/UEDPIE_0_MotionControllerMap 0.359
[2017.04.07-20.19.14:783][810]LogBlueprintUserMessages: Late PlayInEditor Detection: Level '/Game/VirtualRealityBP/Maps/MotionControllerMap.MotionControllerMap:PersistentLevel' has LevelScriptBlueprint '/Game/VirtualRealityBP/Maps/MotionControllerMap.MotionControllerMap:PersistentLevel.MotionControllerMap' with GeneratedClass '/Game/VirtualRealityBP/Maps/MotionControllerMap.MotionControllerMap_C' with ClassGeneratedBy '/Game/VirtualRealityBP/Maps/MotionControllerMap.MotionControllerMap:PersistentLevel.MotionControllerMap'
[2017.04.07-20.19.14:805][810]LogHMD: Reallocation of eye buffer was requested
[2017.04.07-20.19.14:808][810]LogHMD: Allocated a new swap texture set (size 2720 x 1600, mipcount = 1), 0x0000020470995800
[2017.04.07-20.19.14:853][810]LogHMD: Allocated a new mirror texture (size 1080 x 720)
[2017.04.07-20.19.14:853][810]LogRenderer: Reallocating scene render targets to support 2720x1600 NumSamples 1 (Frame:107695).
[2017.04.07-20.19.17:002][947]OCULUS: Info: [HMDState] Requested to SetForegroundWindow(6505call)
[2017.04.07-20.19.44:761][198]OCULUS: Error: Prediction interval too high: 0.102291 s, clamping at 0.100000 s
[2017.04.07-20.19.53:003][546]OCULUS: Error: Prediction interval too high: 0.100705 s, clamping at 0.100000 s
[2017.04.07-20.19.56:947][688]OCULUS: Error: Prediction interval too high: 0.104653 s, clamping at 0.100000 s
[2017.04.07-20.20.00:416][819]OCULUS: Error: Prediction interval too high: 0.106533 s, clamping at 0.100000 s
[2017.04.07-20.20.03:744][922]OCULUS: Error: Prediction interval too high: 0.100021 s, clamping at 0.100000 s
[2017.04.07-20.20.06:877][  2]OCULUS: Error: Prediction interval too high: 0.100079 s, clamping at 0.100000 s
[2017.04.07-20.20.09:888][ 75]OCULUS: Error: Prediction interval too high: 0.103018 s, clamping at 0.100000 s
[2017.04.07-20.20.16:075][222]OCULUS: Error: Prediction interval too high: 0.106269 s, clamping at 0.100000 s
[2017.04.07-20.20.19:822][306]OCULUS: Error: Prediction interval too high: 0.100572 s, clamping at 0.100000 s
[2017.04.07-20.20.23:022][378]OCULUS: Error: Prediction interval too high: 0.100633 s, clamping at 0.100000 s
[2017.04.07-20.20.26:038][451]OCULUS: Error: Prediction interval too high: 0.104978 s, clamping at 0.100000 s
[2017.04.07-20.20.27:975][494]LogBlueprintUserMessages: Early EndPlayMap Detection: Level '/Game/VirtualRealityBP/Maps/MotionControllerMap.MotionControllerMap:PersistentLevel' has LevelScriptBlueprint '/Game/VirtualRealityBP/Maps/MotionControllerMap.MotionControllerMap:PersistentLevel.MotionControllerMap' with GeneratedClass '/Game/VirtualRealityBP/Maps/MotionControllerMap.MotionControllerMap_C' with ClassGeneratedBy '/Game/VirtualRealityBP/Maps/MotionControllerMap.MotionControllerMap:PersistentLevel.MotionControllerMap'
[2017.04.07-20.20.28:022][494]LogHMD: Destroying ovr session
[2017.04.07-20.20.28:023][494]LogHMD: Freeing textureSet 0x0000020470995800
[2017.04.07-20.20.28:030][494]OCULUS: Info: [HMDState] Requested to SetForegroundWindow(6505call)
[2017.04.07-20.20.28:194][494]LogBlueprintUserMessages: Late EndPlayMap Detection: Level '/Game/VirtualRealityBP/Maps/MotionControllerMap.MotionControllerMap:PersistentLevel' has LevelScriptBlueprint '/Game/VirtualRealityBP/Maps/MotionControllerMap.MotionControllerMap:PersistentLevel.MotionControllerMap' with GeneratedClass '/Game/VirtualRealityBP/Maps/MotionControllerMap.MotionControllerMap_C' with ClassGeneratedBy '/Game/VirtualRealityBP/Maps/MotionControllerMap.MotionControllerMap:PersistentLevel.MotionControllerMap'
[2017.04.07-20.30.24:570][652]LogFileHelpers: Editor autosave (incl. sublevels) for '/Game/VirtualRealityBP/Maps/MotionControllerMap' took 0.023
[2017.04.07-20.30.24:572][652]OBJ SavePackage: Generating thumbnails for [0] asset(s) in package [/Game/Interactable_Destroy_BP] ([1] browsable assets)...
[2017.04.07-20.30.24:572][652]OBJ SavePackage: Finished generating thumbnails for package [/Game/Interactable_Destroy_BP]
[2017.04.07-20.30.24:587][652]LogSavePackage: Save=13.21ms
[2017.04.07-20.30.24:587][652]LogSavePackage: Moving 'C:/Users/maske/OneDrive/Documents/Unreal Projects/tempProjectRaptor/ProjectRaptor2.0/ProjectRaptor/Saved/Interactable_Destroy_BP_Auto53107E9BF4CEBDD582AFDAEB7101D0A31.tmp' to 'C:/Users/maske/OneDrive/Documents/Unreal Projects/tempProjectRaptor/ProjectRaptor2.0/ProjectRaptor/Saved/Autosaves/Game/Interactable_Destroy_BP_Auto5.uasset'
[2017.04.07-20.30.24:588][652]LogSavePackage:Display: Finished SavePackage C:/Users/maske/OneDrive/Documents/Unreal Projects/tempProjectRaptor/ProjectRaptor2.0/ProjectRaptor/Saved/Autosaves/Game/Interactable_Destroy_BP_Auto5.uasset
[2017.04.07-20.30.24:588][652]LogFileHelpers: Auto-saving content packages took 0.017
[2017.04.07-20.30.42:512][799]BlueprintLog: New page: Compile Interactable_Destroy_BP
[2017.04.07-20.30.45:853][885]LogSavePackage: Save=13.68ms
[2017.04.07-20.30.45:853][885]LogSavePackage: Moving 'C:/Users/maske/OneDrive/Documents/Unreal Projects/tempProjectRaptor/ProjectRaptor2.0/ProjectRaptor/Saved/Interactable_Destroy_BP3DB9198744095E74F1F12AA00BE6ABC4.tmp' to 'C:/Users/maske/OneDrive/Documents/Unreal Projects/tempProjectRaptor/ProjectRaptor2.0/ProjectRaptor/Content/Interactable_Destroy_BP.uasset'
[2017.04.07-20.30.45:855][885]LogSavePackage:Display: Finished SavePackage C:/Users/maske/OneDrive/Documents/Unreal Projects/tempProjectRaptor/ProjectRaptor2.0/ProjectRaptor/Content/Interactable_Destroy_BP.uasset
[2017.04.07-20.30.45:905][885]LogSavePackage: Save=17.75ms
[2017.04.07-20.30.45:905][885]LogSavePackage: Moving 'C:/Users/maske/OneDrive/Documents/Unreal Projects/tempProjectRaptor/ProjectRaptor2.0/ProjectRaptor/Saved/Interactable_Mesh_BPBDD44BD6464AC55ACCA566BA64B8F221.tmp' to 'C:/Users/maske/OneDrive/Documents/Unreal Projects/tempProjectRaptor/ProjectRaptor2.0/ProjectRaptor/Content/Interactable_Mesh_BP.uasset'
[2017.04.07-20.30.45:913][885]LogSavePackage:Display: Finished SavePackage C:/Users/maske/OneDrive/Documents/Unreal Projects/tempProjectRaptor/ProjectRaptor2.0/ProjectRaptor/Content/Interactable_Mesh_BP.uasset
[2017.04.07-20.30.45:973][885]LogSavePackage: Save=25.29ms
[2017.04.07-20.30.45:973][885]LogSavePackage: Moving 'C:/Users/maske/OneDrive/Documents/Unreal Projects/tempProjectRaptor/ProjectRaptor2.0/ProjectRaptor/Saved/Conveyor_BP1E5E3D354AC3684863D5CCA07050E617.tmp' to 'C:/Users/maske/OneDrive/Documents/Unreal Projects/tempProjectRaptor/ProjectRaptor2.0/ProjectRaptor/Content/Spawn_BP/Conveyor_BP.uasset'
[2017.04.07-20.30.45:979][885]LogSavePackage:Display: Finished SavePackage C:/Users/maske/OneDrive/Documents/Unreal Projects/tempProjectRaptor/ProjectRaptor2.0/ProjectRaptor/Content/Spawn_BP/Conveyor_BP.uasset
[2017.04.07-20.30.46:015][885]Cmd: OBJ SAVEPACKAGE PACKAGE="/Game/Van_M" FILE="C:/Users/maske/OneDrive/Documents/Unreal Projects/tempProjectRaptor/ProjectRaptor2.0/ProjectRaptor/Content/Van_M.uasset" SILENT=true
[2017.04.07-20.30.46:032][885]LogSavePackage: Save=15.88ms
[2017.04.07-20.30.46:032][885]LogSavePackage: Moving 'C:/Users/maske/OneDrive/Documents/Unreal Projects/tempProjectRaptor/ProjectRaptor2.0/ProjectRaptor/Saved/Van_MC63F639949CCF7FBD97E19950A436C57.tmp' to 'C:/Users/maske/OneDrive/Documents/Unreal Projects/tempProjectRaptor/ProjectRaptor2.0/ProjectRaptor/Content/Van_M.uasset'
[2017.04.07-20.30.46:038][885]LogSavePackage:Display: Finished SavePackage C:/Users/maske/OneDrive/Documents/Unreal Projects/tempProjectRaptor/ProjectRaptor2.0/ProjectRaptor/Content/Van_M.uasset
[2017.04.07-20.30.46:249][885]LogSavePackage: Save=121.31ms
[2017.04.07-20.30.46:250][885]LogSavePackage: Moving 'C:/Users/maske/OneDrive/Documents/Unreal Projects/tempProjectRaptor/ProjectRaptor2.0/ProjectRaptor/Saved/MotionControllerMap58B4C42D4BBB8182FBD2BFBBB74659CA.tmp' to 'C:/Users/maske/OneDrive/Documents/Unreal Projects/tempProjectRaptor/ProjectRaptor2.0/ProjectRaptor/Content/VirtualRealityBP/Maps/MotionControllerMap.umap'
[2017.04.07-20.30.46:255][885]LogSavePackage:Display: Finished SavePackage C:/Users/maske/OneDrive/Documents/Unreal Projects/tempProjectRaptor/ProjectRaptor2.0/ProjectRaptor/Content/VirtualRealityBP/Maps/MotionControllerMap.umap
[2017.04.07-20.30.46:293][885]LogFileHelpers: Saving map 'MotionControllerMap' took 0.252
[2017.04.07-20.30.48:505][  6]LogSavePackage: Save=114.16ms
[2017.04.07-20.30.48:506][  6]LogSavePackage: Moving 'C:/Users/maske/OneDrive/Documents/Unreal Projects/tempProjectRaptor/ProjectRaptor2.0/ProjectRaptor/Saved/MotionControllerMapEF0DF4634061BCCC0BAAE6A8D3B2C194.tmp' to 'C:/Users/maske/OneDrive/Documents/Unreal Projects/tempProjectRaptor/ProjectRaptor2.0/ProjectRaptor/Content/VirtualRealityBP/Maps/MotionControllerMap.umap'
[2017.04.07-20.30.48:508][  6]LogSavePackage:Display: Finished SavePackage C:/Users/maske/OneDrive/Documents/Unreal Projects/tempProjectRaptor/ProjectRaptor2.0/ProjectRaptor/Content/VirtualRealityBP/Maps/MotionControllerMap.umap
[2017.04.07-20.30.48:807][  6]LogSavePackage: Save=238.71ms
[2017.04.07-20.30.48:807][  6]LogSavePackage: Moving 'C:/Users/maske/OneDrive/Documents/Unreal Projects/tempProjectRaptor/ProjectRaptor2.0/ProjectRaptor/Saved/MotionControllerMap_BuiltDataDC96922645129B9DC1D6BAA1DA9684FA.tmp' to 'C:/Users/maske/OneDrive/Documents/Unreal Projects/tempProjectRaptor/ProjectRaptor2.0/ProjectRaptor/Content/VirtualRealityBP/Maps/MotionControllerMap_BuiltData.uasset'
[2017.04.07-20.30.48:809][  6]LogSavePackage:Display: Finished SavePackage C:/Users/maske/OneDrive/Documents/Unreal Projects/tempProjectRaptor/ProjectRaptor2.0/ProjectRaptor/Content/VirtualRealityBP/Maps/MotionControllerMap_BuiltData.uasset
[2017.04.07-20.30.50:292][ 81]LogActorComponent: UnregisterComponent: (/Engine/Transient.EditorFloorComp) Not registered. Aborting.
[2017.04.07-20.30.50:398][ 81]LogActorComponent: UnregisterComponent: (/Engine/Transient.EditorFloorComp) Not registered. Aborting.
[2017.04.07-20.30.50:489][ 81]LogActorComponent: UnregisterComponent: (/Engine/Transient.EditorFloorComp) Not registered. Aborting.
[2017.04.07-20.30.50:546][ 81]LogWindowsTextInputMethodSystem:Display: IME system now deactivated.
[2017.04.07-20.30.50:826][ 82]Cmd: QUIT_EDITOR
[2017.04.07-20.30.51:600][ 82]LogExit: Preparing to exit.
[2017.04.07-20.30.52:862][ 82]LogExit: Editor shut down
[2017.04.07-20.30.52:864][ 82]LogExit: Transaction tracking system shut down
[2017.04.07-20.30.53:032][ 82]LogObj: Freed 0b from 0 cluster array pools.
[2017.04.07-20.30.53:033][ 82]LogExit: Object subsystem successfully closed.
[2017.04.07-20.30.53:057][ 82]LogD3D11RHI: Shutdown
[2017.04.07-20.30.53:057][ 82]LogD3D11RHI: CleanupD3DDevice
[2017.04.07-20.30.53:233][ 82]LogD3D11RHI: ~FD3D11DynamicRHI
[2017.04.07-20.30.53:240][ 82]LogHttp:Display: Http module shutting down, but needs to wait on 1 outstanding Http requests:
[2017.04.07-20.30.53:241][ 82]LogHttp:Display: 	verb=[POST] url=[https://datarouter.ol.epicgames.com/datarouter/api/v1/public/data?SessionID=%7B590E018E-4729-C09D-BE73-409CE2E7F205%7D&AppID=UEEditor.Rocket.Release&AppVersion=4.14.3-3249277%2B%2B%2BUE4%2BRelease-4.14&UserID=e6485dbe41cd0fa49185cb99c9272ca3%7Cb73e36dadf2f4cfcadd2446abc09770e%7C6242ca4d-b3b1-47d7-a544-e0ba27d6e52c&AppEnvironment=datacollector-binary&UploadType=eteventstream] status=Processing
[2017.04.07-20.30.53:275][ 82]LogModuleManager: Shutting down and abandoning module MovieSceneCapture (247)
[2017.04.07-20.30.53:275][ 82]LogModuleManager: Shutting down and abandoning module MaterialEditor (246)
[2017.04.07-20.30.53:275][ 82]LogModuleManager: Shutting down and abandoning module BlueprintGraph (245)
[2017.04.07-20.30.53:275][ 82]LogModuleManager: Shutting down and abandoning module BlueprintProfiler (244)
[2017.04.07-20.30.53:275][ 82]LogModuleManager: Shutting down and abandoning module HierarchicalLODOutliner (243)
[2017.04.07-20.30.53:275][ 82]LogModuleManager: Shutting down and abandoning module CrashTracker (242)
[2017.04.07-20.30.53:275][ 82]LogModuleManager: Shutting down and abandoning module SceneOutliner (241)
[2017.04.07-20.30.53:275][ 82]LogModuleManager: Shutting down and abandoning module WidgetCarousel (240)
[2017.04.07-20.30.53:275][ 82]LogModuleManager: Shutting down and abandoning module AddContentDialog (239)
[2017.04.07-20.30.53:276][ 82]LogDirectoryWatcher: A directory notification for 'D:/Software/Epic Games/4.14/FeaturePacks/' was aborted.
[2017.04.07-20.30.53:282][ 82]LogModuleManager: Shutting down and abandoning module GameplayTags (238)
[2017.04.07-20.30.53:282][ 82]LogModuleManager: Shutting down and abandoning module EditorWidgets (237)
[2017.04.07-20.30.53:282][ 82]LogModuleManager: Shutting down and abandoning module CollectionManager (236)
[2017.04.07-20.30.53:282][ 82]LogModuleManager: Shutting down and abandoning module StatsViewer (235)
[2017.04.07-20.30.53:282][ 82]LogModuleManager: Shutting down and abandoning module FoliageEdit (234)
[2017.04.07-20.30.53:282][ 82]LogModuleManager: Shutting down and abandoning module LandscapeEditor (233)
[2017.04.07-20.30.53:282][ 82]LogModuleManager: Shutting down and abandoning module SceneDepthPickerMode (232)
[2017.04.07-20.30.53:282][ 82]LogModuleManager: Shutting down and abandoning module ActorPickerMode (231)
[2017.04.07-20.30.53:282][ 82]LogModuleManager: Shutting down and abandoning module GeometryMode (230)
[2017.04.07-20.30.53:282][ 82]LogModuleManager: Shutting down and abandoning module TextureAlignMode (229)
[2017.04.07-20.30.53:282][ 82]LogModuleManager: Shutting down and abandoning module BspMode (228)
[2017.04.07-20.30.53:282][ 82]LogModuleManager: Shutting down and abandoning module HardwareSurvey (227)
[2017.04.07-20.30.53:282][ 82]LogModuleManager: Shutting down and abandoning module SequenceRecorderSections (226)
[2017.04.07-20.30.53:282][ 82]LogModuleManager: Shutting down and abandoning module AutomationWorker (225)
[2017.04.07-20.30.53:282][ 82]LogModuleManager: Shutting down and abandoning module MatineeToLevelSequence (224)
[2017.04.07-20.30.53:282][ 82]LogModuleManager: Shutting down and abandoning module PlacementMode (223)
[2017.04.07-20.30.53:282][ 82]LogModuleManager: Shutting down and abandoning module LevelSequenceEditor (222)
[2017.04.07-20.30.53:282][ 82]LogModuleManager: Shutting down and abandoning module WmfMediaFactory (221)
[2017.04.07-20.30.53:282][ 82]LogModuleManager: Shutting down and abandoning module WmfMediaEditor (220)
[2017.04.07-20.30.53:282][ 82]LogModuleManager: Shutting down and abandoning module AvfMediaFactory (219)
[2017.04.07-20.30.53:282][ 82]LogModuleManager: Shutting down and abandoning module AvfMediaEditor (218)
[2017.04.07-20.30.53:282][ 82]LogModuleManager: Shutting down and abandoning module Media (217)
[2017.04.07-20.30.53:282][ 82]LogModuleManager: Shutting down and abandoning module AndroidMediaFactory (216)
[2017.04.07-20.30.53:282][ 82]LogModuleManager: Shutting down and abandoning module AndroidMediaEditor (215)
[2017.04.07-20.30.53:282][ 82]LogModuleManager: Shutting down and abandoning module CharacterAI (214)
[2017.04.07-20.30.53:282][ 82]LogModuleManager: Shutting down and abandoning module SequenceRecorder (213)
[2017.04.07-20.30.53:282][ 82]LogModuleManager: Shutting down and abandoning module AudioCapture (212)
[2017.04.07-20.30.53:282][ 82]LogModuleManager: Shutting down and abandoning module SmartSnapping (211)
[2017.04.07-20.30.53:282][ 82]LogModuleManager: Shutting down and abandoning module SessionServices (210)
[2017.04.07-20.30.53:282][ 82]LogModuleManager: Shutting down and abandoning module ViewportSnapping (209)
[2017.04.07-20.30.53:282][ 82]LogModuleManager: Shutting down and abandoning module ViewportInteraction (208)
[2017.04.07-20.30.53:282][ 82]LogModuleManager: Shutting down and abandoning module LogVisualizer (207)
[2017.04.07-20.30.53:283][ 82]LogModuleManager: Shutting down and abandoning module GameProjectGeneration (206)
[2017.04.07-20.30.53:283][ 82]LogModuleManager: Shutting down and abandoning module IntroTutorials (205)
[2017.04.07-20.30.53:283][ 82]LogModuleManager: Shutting down and abandoning module EditorLiveStreaming (204)
[2017.04.07-20.30.53:283][ 82]LogModuleManager: Shutting down and abandoning module IOSPlatformEditor (203)
[2017.04.07-20.30.53:283][ 82]LogModuleManager: Shutting down and abandoning module HTML5PlatformEditor (202)
[2017.04.07-20.30.53:283][ 82]LogModuleManager: Shutting down and abandoning module AndroidDeviceDetection (201)
[2017.04.07-20.30.53:980][ 82]LogModuleManager: Shutting down and abandoning module AndroidPlatformEditor (200)
[2017.04.07-20.30.53:981][ 82]LogModuleManager: Shutting down and abandoning module IOSRuntimeSettings (199)
[2017.04.07-20.30.53:981][ 82]LogModuleManager: Shutting down and abandoning module AndroidRuntimeSettings (198)
[2017.04.07-20.30.53:981][ 82]LogModuleManager: Shutting down and abandoning module InputBindingEditor (197)
[2017.04.07-20.30.53:981][ 82]LogModuleManager: Shutting down and abandoning module NiagaraEditor (196)
[2017.04.07-20.30.53:981][ 82]LogModuleManager: Shutting down and abandoning module MergeActors (195)
[2017.04.07-20.30.53:981][ 82]LogModuleManager: Shutting down and abandoning module SizeMap (194)
[2017.04.07-20.30.53:981][ 82]LogModuleManager: Shutting down and abandoning module TreeMap (193)
[2017.04.07-20.30.53:981][ 82]LogModuleManager: Shutting down and abandoning module ReferenceViewer (192)
[2017.04.07-20.30.53:981][ 82]LogModuleManager: Shutting down and abandoning module LocalizationService (191)
[2017.04.07-20.30.53:981][ 82]LogModuleManager: Shutting down and abandoning module LocalizationDashboard (190)
[2017.04.07-20.30.53:981][ 82]LogModuleManager: Shutting down and abandoning module HardwareTargeting (189)
[2017.04.07-20.30.53:981][ 82]LogModuleManager: Shutting down and abandoning module DeviceProfileEditor (188)
[2017.04.07-20.30.53:981][ 82]LogModuleManager: Shutting down and abandoning module UndoHistory (187)
[2017.04.07-20.30.53:981][ 82]LogModuleManager: Shutting down and abandoning module UserFeedback (186)
[2017.04.07-20.30.53:981][ 82]LogModuleManager: Shutting down and abandoning module XmlParser (185)
[2017.04.07-20.30.53:981][ 82]LogModuleManager: Shutting down and abandoning module Blutility (184)
[2017.04.07-20.30.53:981][ 82]LogModuleManager: Shutting down and abandoning module ProjectTargetPlatformEditor (183)
[2017.04.07-20.30.53:981][ 82]LogModuleManager: Shutting down and abandoning module ProjectSettingsViewer (182)
[2017.04.07-20.30.53:982][ 82]LogModuleManager: Shutting down and abandoning module EditorSettingsViewer (181)
[2017.04.07-20.30.53:982][ 82]LogModuleManager: Shutting down and abandoning module SettingsEditor (180)
[2017.04.07-20.30.53:982][ 82]LogModuleManager: Shutting down and abandoning module ProjectLauncher (179)
[2017.04.07-20.30.53:982][ 82]LogModuleManager: Shutting down and abandoning module SessionFrontend (178)
[2017.04.07-20.30.53:982][ 82]LogModuleManager: Shutting down and abandoning module ProfilerClient (177)
[2017.04.07-20.30.53:982][ 82]LogModuleManager: Shutting down and abandoning module TargetDeviceServices (176)
[2017.04.07-20.30.53:982][ 82]LogModuleManager: Shutting down and abandoning module DeviceManager (175)
[2017.04.07-20.30.54:026][ 82]LogModuleManager: Shutting down and abandoning module AutomationController (174)
[2017.04.07-20.30.54:026][ 82]LogModuleManager: Shutting down and abandoning module AutomationWindow (173)
[2017.04.07-20.30.54:026][ 82]LogModuleManager: Shutting down and abandoning module Layers (172)
[2017.04.07-20.30.54:026][ 82]LogModuleManager: Shutting down and abandoning module ComponentVisualizers (171)
[2017.04.07-20.30.54:026][ 82]LogModuleManager: Shutting down and abandoning module DetailCustomizations (170)
[2017.04.07-20.30.54:026][ 82]LogModuleManager: Shutting down and abandoning module PackagesDialog (169)
[2017.04.07-20.30.54:026][ 82]LogModuleManager: Shutting down and abandoning module AnimGraph (168)
[2017.04.07-20.30.54:026][ 82]LogModuleManager: Shutting down and abandoning module Persona (167)
[2017.04.07-20.30.54:026][ 82]LogModuleManager: Shutting down and abandoning module Kismet (166)
[2017.04.07-20.30.54:035][ 82]LogModuleManager: Shutting down and abandoning module GraphEditor (165)
[2017.04.07-20.30.54:035][ 82]LogModuleManager: Shutting down and abandoning module ClassViewer (164)
[2017.04.07-20.30.54:036][ 82]LogModuleManager: Shutting down and abandoning module Toolbox (163)
[2017.04.07-20.30.54:036][ 82]LogModuleManager: Shutting down and abandoning module ModuleUI (162)
[2017.04.07-20.30.54:036][ 82]LogModuleManager: Shutting down and abandoning module MovieSceneTools (161)
[2017.04.07-20.30.54:036][ 82]LogModuleManager: Shutting down and abandoning module OutputLog (160)
[2017.04.07-20.30.54:036][ 82]LogModuleManager: Shutting down and abandoning module GammaUI (159)
[2017.04.07-20.30.54:036][ 82]LogModuleManager: Shutting down and abandoning module Documentation (158)
[2017.04.07-20.30.54:036][ 82]LogModuleManager: Shutting down and abandoning module Niagara (157)
[2017.04.07-20.30.54:036][ 82]LogModuleManager: Shutting down and abandoning module StreamingPauseRendering (156)
[2017.04.07-20.30.54:036][ 82]LogModuleManager: Shutting down and abandoning module AnalyticsET (155)
[2017.04.07-20.30.54:036][ 82]LogModuleManager: Shutting down and abandoning module PortalServices (154)
[2017.04.07-20.30.54:036][ 82]LogModuleManager: Shutting down and abandoning module PortalRpc (153)
[2017.04.07-20.30.54:036][ 82]LogModuleManager: Shutting down and abandoning module MessagingRpc (152)
[2017.04.07-20.30.54:036][ 82]LogModuleManager: Shutting down and abandoning module GameplayDebugger (151)
[2017.04.07-20.30.54:037][ 82]LogModuleManager: Shutting down and abandoning module AITestSuite (150)
[2017.04.07-20.30.54:037][ 82]LogModuleManager: Shutting down and abandoning module AIModule (149)
[2017.04.07-20.30.54:037][ 82]LogModuleManager: Shutting down and abandoning module ProfilerService (148)
[2017.04.07-20.30.54:228][ 82]LogModuleManager: Shutting down and abandoning module TaskGraph (147)
[2017.04.07-20.30.54:228][ 82]LogModuleManager: Shutting down and abandoning module SubstanceEditor (146)
[2017.04.07-20.30.54:228][ 82]LogModuleManager: Shutting down and abandoning module SlateRemote (145)
[2017.04.07-20.30.54:228][ 82]LogModuleManager: Shutting down and abandoning module SteamVRController (144)
[2017.04.07-20.30.54:228][ 82]LogModuleManager: Shutting down and abandoning module SteamVR (143)
[2017.04.07-20.30.54:228][ 82]LogModuleManager: Shutting down and abandoning module ProceduralMeshComponentEditor (142)
[2017.04.07-20.30.54:228][ 82]LogModuleManager: Shutting down and abandoning module ProceduralMeshComponent (141)
[2017.04.07-20.30.54:228][ 82]LogModuleManager: Shutting down and abandoning module OculusLibrary (140)
[2017.04.07-20.30.54:228][ 82]LogModuleManager: Shutting down and abandoning module OculusInput (139)
[2017.04.07-20.30.54:228][ 82]LogModuleManager: Shutting down and abandoning module MobilePatchingUtils (138)
[2017.04.07-20.30.54:228][ 82]LogModuleManager: Shutting down and abandoning module CustomMeshComponent (137)
[2017.04.07-20.30.54:228][ 82]LogModuleManager: Shutting down and abandoning module CableComponent (136)
[2017.04.07-20.30.54:228][ 82]LogModuleManager: Shutting down and abandoning module ArchVisCharacter (135)
[2017.04.07-20.30.54:228][ 82]LogModuleManager: Shutting down and abandoning module MediaPlayerEditor (133)
[2017.04.07-20.30.54:228][ 82]LogModuleManager: Shutting down and abandoning module HTML5Networking (132)
[2017.04.07-20.30.54:228][ 82]LogModuleManager: Shutting down and abandoning module GeometryCacheEd (131)
[2017.04.07-20.30.54:228][ 82]LogModuleManager: Shutting down and abandoning module GeometryCache (130)
[2017.04.07-20.30.54:228][ 82]LogModuleManager: Shutting down and abandoning module AlembicLibrary (129)
[2017.04.07-20.30.54:228][ 82]LogModuleManager: Shutting down and abandoning module AlembicImporter (128)
[2017.04.07-20.30.54:228][ 82]LogModuleManager: Shutting down and abandoning module SuperSearch (127)
[2017.04.07-20.30.54:228][ 82]LogModuleManager: Shutting down and abandoning module SuperSearchEditor (126)
[2017.04.07-20.30.54:228][ 82]LogModuleManager: Shutting down and abandoning module SpeedTreeImporter (125)
[2017.04.07-20.30.54:228][ 82]LogModuleManager: Shutting down and abandoning module PluginBrowser (124)
[2017.04.07-20.30.54:228][ 82]LogModuleManager: Shutting down and abandoning module MobileLauncherProfileWizard (123)
[2017.04.07-20.30.54:228][ 82]LogModuleManager: Shutting down and abandoning module EpicSurvey (122)
[2017.04.07-20.30.54:228][ 82]LogModuleManager: Shutting down and abandoning module DesktopPlatform (121)
[2017.04.07-20.30.54:228][ 82]LogModuleManager: Shutting down and abandoning module VisualStudioSourceCodeAccess (120)
[2017.04.07-20.30.54:228][ 82]LogModuleManager: Shutting down and abandoning module UObjectPlugin (119)
[2017.04.07-20.30.54:228][ 82]LogModuleManager: Shutting down and abandoning module SubversionSourceControl (118)
[2017.04.07-20.30.54:228][ 82]LogModuleManager: Shutting down and abandoning module PerforceSourceControl (117)
[2017.04.07-20.30.54:228][ 82]LogModuleManager: Shutting down and abandoning module SourceControl (116)
[2017.04.07-20.30.54:228][ 82]LogModuleManager: Shutting down and abandoning module GitSourceControl (115)
[2017.04.07-20.30.54:228][ 82]LogModuleManager: Shutting down and abandoning module LightPropagationVolumeEditor (114)
[2017.04.07-20.30.54:228][ 82]LogModuleManager: Shutting down and abandoning module PaperTiledImporter (113)
[2017.04.07-20.30.54:228][ 82]LogModuleManager: Shutting down and abandoning module PaperSpriteSheetImporter (112)
[2017.04.07-20.30.54:228][ 82]LogModuleManager: Shutting down and abandoning module MeshPaint (111)
[2017.04.07-20.30.54:228][ 82]LogModuleManager: Shutting down and abandoning module PixelInspectorModule (110)
[2017.04.07-20.30.54:228][ 82]LogModuleManager: Shutting down and abandoning module HotReload (109)
[2017.04.07-20.30.54:229][ 82]LogModuleManager: Shutting down and abandoning module MainFrame (108)
[2017.04.07-20.30.54:229][ 82]LogModuleManager: Shutting down and abandoning module LevelEditor (107)
[2017.04.07-20.30.54:231][ 82]LogModuleManager: Shutting down and abandoning module ContentBrowser (106)
[2017.04.07-20.30.54:232][ 82]LogModuleManager: Shutting down and abandoning module Paper2DEditor (105)
[2017.04.07-20.30.54:232][ 82]LogModuleManager: Shutting down and abandoning module UdpMessaging (104)
[2017.04.07-20.30.54:334][ 82]LogModuleManager: Shutting down and abandoning module TcpMessaging (103)
[2017.04.07-20.30.54:435][ 82]LogModuleManager: Shutting down and abandoning module SubstanceCore (102)
[2017.04.07-20.30.54:435][ 82]LogModuleManager: Shutting down and abandoning module LightPropagationVolumeRuntime (101)
[2017.04.07-20.30.54:435][ 82]LogModuleManager: Shutting down and abandoning module Paper2D (100)
[2017.04.07-20.30.54:435][ 82]LogModuleManager: Shutting down and abandoning module WindowsMoviePlayer (99)
[2017.04.07-20.30.54:435][ 82]LogModuleManager: Shutting down and abandoning module WmfMedia (98)
[2017.04.07-20.30.54:435][ 82]LogModuleManager: Shutting down and abandoning module MediaAssets (97)
[2017.04.07-20.30.54:435][ 82]LogModuleManager: Shutting down and abandoning module GameLiveStreaming (96)
[2017.04.07-20.30.54:435][ 82]LogModuleManager: Shutting down and abandoning module GameplayTagsEditor (95)
[2017.04.07-20.30.54:435][ 82]LogModuleManager: Shutting down and abandoning module VREditor (94)
[2017.04.07-20.30.54:435][ 82]LogModuleManager: Shutting down and abandoning module GameplayTasksEditor (93)
[2017.04.07-20.30.54:435][ 82]LogModuleManager: Shutting down and abandoning module BehaviorTreeEditor (92)
[2017.04.07-20.30.54:435][ 82]LogModuleManager: Shutting down and abandoning module FunctionalTesting (91)
[2017.04.07-20.30.54:435][ 82]LogModuleManager: Shutting down and abandoning module CollisionAnalyzer (90)
[2017.04.07-20.30.54:435][ 82]LogModuleManager: Shutting down and abandoning module Sequencer (89)
[2017.04.07-20.30.54:436][ 82]LogModuleManager: Shutting down and abandoning module WorkspaceMenuStructure (88)
[2017.04.07-20.30.54:436][ 82]LogModuleManager: Shutting down and abandoning module MessageLog (87)
[2017.04.07-20.30.54:436][ 82]LogModuleManager: Shutting down and abandoning module AssetTools (86)
[2017.04.07-20.30.54:436][ 82]LogModuleManager: Shutting down and abandoning module UMGEditor (85)
[2017.04.07-20.30.54:436][ 82]LogModuleManager: Shutting down and abandoning module UMG (84)
[2017.04.07-20.30.54:436][ 82]LogModuleManager: Shutting down and abandoning module SlateReflector (83)
[2017.04.07-20.30.54:436][ 82]LogModuleManager: Shutting down and abandoning module Slate (82)
[2017.04.07-20.30.54:436][ 82]LogModuleManager: Shutting down and abandoning module EditorStyle (81)
[2017.04.07-20.30.54:438][ 82]LogModuleManager: Shutting down and abandoning module SourceCodeAccess (80)
[2017.04.07-20.30.54:438][ 82]LogModuleManager: Shutting down and abandoning module HeadMountedDisplay (79)
[2017.04.07-20.30.54:438][ 82]LogModuleManager: Shutting down and abandoning module XAudio2 (78)
[2017.04.07-20.30.54:438][ 82]LogModuleManager: Shutting down and abandoning module Networking (76)
[2017.04.07-20.30.54:438][ 82]LogModuleManager: Shutting down and abandoning module Core (75)
[2017.04.07-20.30.54:438][ 82]LogModuleManager: Shutting down and abandoning module DirectoryWatcher (74)
[2017.04.07-20.30.54:438][ 82]LogDirectoryWatcher: A directory notification for '../../../Engine/Content/' was aborted.
[2017.04.07-20.30.54:439][ 82]LogDirectoryWatcher: A directory notification for 'C:/Users/maske/OneDrive/Documents/Unreal Projects/tempProjectRaptor/ProjectRaptor2.0/ProjectRaptor/Content/' was aborted.
[2017.04.07-20.30.54:439][ 82]LogDirectoryWatcher: A directory notification for '../../../Engine/Plugins/2D/Paper2D/Content/' was aborted.
[2017.04.07-20.30.54:441][ 82]LogModuleManager: Shutting down and abandoning module AssetRegistry (73)
[2017.04.07-20.30.54:524][ 82]LogModuleManager: Shutting down and abandoning module KismetCompiler (72)
[2017.04.07-20.30.54:524][ 82]LogModuleManager: Shutting down and abandoning module PhysXFormats (71)
[2017.04.07-20.30.54:524][ 82]LogModuleManager: Shutting down and abandoning module SimplygonSwarm (70)
[2017.04.07-20.30.54:524][ 82]LogModuleManager: Shutting down and abandoning module SimplygonMeshReduction (69)
[2017.04.07-20.30.54:524][ 82]LogModuleManager: Shutting down and abandoning module QuadricMeshReduction (68)
[2017.04.07-20.30.54:524][ 82]LogModuleManager: Shutting down and abandoning module PropertyEditor (67)
[2017.04.07-20.30.54:524][ 82]LogModuleManager: Shutting down and abandoning module MeshUtilities (66)
[2017.04.07-20.30.54:524][ 82]LogModuleManager: Shutting down and abandoning module DerivedDataCache (65)
[2017.04.07-20.30.54:572][ 82]LogDerivedDataCache: Shutdown
[2017.04.07-20.30.54:572][ 82]LogModuleManager: Shutting down and abandoning module VulkanShaderFormat (64)
[2017.04.07-20.30.54:572][ 82]LogModuleManager: Shutting down and abandoning module ShaderFormatOpenGL (63)
[2017.04.07-20.30.54:572][ 82]LogModuleManager: Shutting down and abandoning module ShaderFormatD3D (62)
[2017.04.07-20.30.54:572][ 82]LogModuleManager: Shutting down and abandoning module MetalShaderFormat (61)
[2017.04.07-20.30.54:572][ 82]LogModuleManager: Shutting down and abandoning module TextureFormatUncompressed (60)
[2017.04.07-20.30.54:572][ 82]LogModuleManager: Shutting down and abandoning module TextureFormatPVR (59)
[2017.04.07-20.30.54:572][ 82]LogModuleManager: Shutting down and abandoning module TextureFormatDXT (58)
[2017.04.07-20.30.54:572][ 82]LogModuleManager: Shutting down and abandoning module TextureFormatIntelISPCTexComp (57)
[2017.04.07-20.30.54:572][ 82]LogModuleManager: Shutting down and abandoning module ImageWrapper (56)
[2017.04.07-20.30.54:572][ 82]LogModuleManager: Shutting down and abandoning module TextureFormatASTC (55)
[2017.04.07-20.30.54:572][ 82]LogModuleManager: Shutting down and abandoning module TextureFormatAndroid (54)
[2017.04.07-20.30.54:572][ 82]LogModuleManager: Shutting down and abandoning module AudioFormatOpus (53)
[2017.04.07-20.30.54:572][ 82]LogModuleManager: Shutting down and abandoning module AudioFormatOgg (52)
[2017.04.07-20.30.54:572][ 82]LogModuleManager: Shutting down and abandoning module AudioFormatADPCM (51)
[2017.04.07-20.30.54:572][ 82]LogModuleManager: Shutting down and abandoning module LinuxTargetPlatform (50)
[2017.04.07-20.30.54:572][ 82]LogModuleManager: Shutting down and abandoning module LinuxServerTargetPlatform (49)
[2017.04.07-20.30.54:572][ 82]LogModuleManager: Shutting down and abandoning module LinuxNoEditorTargetPlatform (48)
[2017.04.07-20.30.54:572][ 82]LogModuleManager: Shutting down and abandoning module LinuxClientTargetPlatform (47)
[2017.04.07-20.30.54:572][ 82]LogModuleManager: Shutting down and abandoning module TVOSTargetPlatform (46)
[2017.04.07-20.30.54:573][ 82]LogModuleManager: Shutting down and abandoning module Messaging (45)
[2017.04.07-20.30.54:573][ 82]LogModuleManager: Shutting down and abandoning module IOSTargetPlatform (44)
[2017.04.07-20.30.54:573][ 82]LogModuleManager: Shutting down and abandoning module HTML5TargetPlatform (43)
[2017.04.07-20.30.54:573][ 82]LogModuleManager: Shutting down and abandoning module Android_PVRTCTargetPlatform (42)
[2017.04.07-20.30.54:573][ 82]LogModuleManager: Shutting down and abandoning module Android_MultiTargetPlatform (41)
[2017.04.07-20.30.54:573][ 82]LogModuleManager: Shutting down and abandoning module Android_ETC2TargetPlatform (40)
[2017.04.07-20.30.54:573][ 82]LogModuleManager: Shutting down and abandoning module Android_ETC1TargetPlatform (39)
[2017.04.07-20.30.54:573][ 82]LogModuleManager: Shutting down and abandoning module Android_DXTTargetPlatform (38)
[2017.04.07-20.30.54:573][ 82]LogModuleManager: Shutting down and abandoning module Android_ATCTargetPlatform (37)
[2017.04.07-20.30.54:573][ 82]LogModuleManager: Shutting down and abandoning module Android_ASTCTargetPlatform (36)
[2017.04.07-20.30.54:573][ 82]LogModuleManager: Shutting down and abandoning module AndroidTargetPlatform (35)
[2017.04.07-20.30.54:573][ 82]LogModuleManager: Shutting down and abandoning module WindowsTargetPlatform (34)
[2017.04.07-20.30.54:573][ 82]LogModuleManager: Shutting down and abandoning module WindowsServerTargetPlatform (33)
[2017.04.07-20.30.54:573][ 82]LogModuleManager: Shutting down and abandoning module WindowsNoEditorTargetPlatform (32)
[2017.04.07-20.30.54:573][ 82]LogModuleManager: Shutting down and abandoning module WindowsClientTargetPlatform (31)
[2017.04.07-20.30.54:573][ 82]LogModuleManager: Shutting down and abandoning module MacTargetPlatform (30)
[2017.04.07-20.30.54:573][ 82]LogModuleManager: Shutting down and abandoning module MacServerTargetPlatform (29)
[2017.04.07-20.30.54:573][ 82]LogModuleManager: Shutting down and abandoning module MacNoEditorTargetPlatform (28)
[2017.04.07-20.30.54:573][ 82]LogModuleManager: Shutting down and abandoning module MacClientTargetPlatform (27)
[2017.04.07-20.30.54:573][ 82]LogModuleManager: Shutting down and abandoning module AllDesktopTargetPlatform (26)
[2017.04.07-20.30.54:573][ 82]LogModuleManager: Shutting down and abandoning module TargetPlatform (25)
[2017.04.07-20.30.54:573][ 82]LogModuleManager: Shutting down and abandoning module InputCore (24)
[2017.04.07-20.30.54:573][ 82]LogModuleManager: Shutting down and abandoning module Settings (23)
[2017.04.07-20.30.54:573][ 82]LogModuleManager: Shutting down and abandoning module OculusRift (22)
[2017.04.07-20.30.54:574][ 82]LogHMD: Oculus shutdown.
[2017.04.07-20.30.54:575][ 82]LogModuleManager: Shutting down and abandoning module ExampleDeviceProfileSelector (21)
[2017.04.07-20.30.54:575][ 82]LogModuleManager: Shutting down and abandoning module OnlineBlueprintSupport (20)
[2017.04.07-20.30.54:575][ 82]LogModuleManager: Shutting down and abandoning module OnlineSubsystem (18)
[2017.04.07-20.30.54:575][ 82]LogOnline:Display: Unloading online subsystem: NULL
[2017.04.07-20.30.54:575][ 82]LogModuleManager: Shutting down and abandoning module SSL (17)
[2017.04.07-20.30.54:577][ 82]LogModuleManager: Shutting down and abandoning module HTTP (16)
[2017.04.07-20.30.54:577][ 82]LogModuleManager: Shutting down and abandoning module XMPP (15)
[2017.04.07-20.30.54:577][ 82]LogModuleManager: Shutting down and abandoning module TextureCompressor (14)
[2017.04.07-20.30.54:577][ 82]LogModuleManager: Shutting down and abandoning module ShaderCore (13)
[2017.04.07-20.30.54:577][ 82]LogModuleManager: Shutting down and abandoning module Landscape (12)
[2017.04.07-20.30.54:577][ 82]LogModuleManager: Shutting down and abandoning module SlateRHIRenderer (11)
[2017.04.07-20.30.54:587][ 82]LogModuleManager: Shutting down and abandoning module OpenGLDrv (10)
[2017.04.07-20.30.54:587][ 82]LogModuleManager: Shutting down and abandoning module D3D11RHI (9)
[2017.04.07-20.30.54:587][ 82]LogModuleManager: Shutting down and abandoning module AnimGraphRuntime (8)
[2017.04.07-20.30.54:587][ 82]LogModuleManager: Shutting down and abandoning module Renderer (7)
[2017.04.07-20.30.54:587][ 82]LogModuleManager: Shutting down and abandoning module Engine (6)
[2017.04.07-20.30.54:587][ 82]LogModuleManager: Shutting down and abandoning module CoreUObject (5)
[2017.04.07-20.30.54:587][ 82]LogModuleManager: Shutting down and abandoning module NetworkFile (4)
[2017.04.07-20.30.54:587][ 82]LogModuleManager: Shutting down and abandoning module StreamingFile (3)
[2017.04.07-20.30.54:587][ 82]LogModuleManager: Shutting down and abandoning module SandboxFile (2)
[2017.04.07-20.30.54:587][ 82]LogModuleManager: Shutting down and abandoning module PakFile (1)
[2017.04.07-20.30.54:589][ 82]LogExit: Exiting.
[2017.04.07-20.30.54:595][ 82]Log file closed, 04/07/17 16:30:54
